2020-09-11 10:11:04 method: com.t.webauto.utils.Base.init(Base.java:28) - [ INFO ]----*****************************************测试开始***************************************************************************************
2020-09-11 10:11:04 method: com.t.webauto.utils.Base.init(Base.java:29) - [ INFO ]----配置浏览器：firefox,Selenium版本：src/test/resources/geckodriver.exe,驱动文件路径：3.X
2020-09-11 10:11:15 method: com.t.webauto.utils.Base.init(Base.java:51) - [ INFO ]----成功创建firefox驱动对象
2020-09-11 10:11:16 method: com.t.webauto.utils.Base.get(Base.java:237) - [ INFO ]----访问页面http://localhost:8088/Discuz/upload/member.php?mod=register
2020-09-11 10:11:16 method: com.t.webauto.utils.Base.getElement(Base.java:118) - [ INFO ]----获取【注册页】 上的 【用户名输入框】： {'by','id'},{'value','tRYSs0'}
2020-09-11 10:11:16 method: com.t.webauto.utils.Base.getElement(Base.java:162) - [ INFO ]----获取【注册页】 上的 【用户名输入框】： {'by','id'},{'value','tRYSs0'}【成功】
2020-09-11 10:11:17 method: com.t.webauto.utils.Base.getElement(Base.java:118) - [ INFO ]----获取【注册页】 上的 【密码输入框】： {'by','id'},{'value','dgfvkp'}
2020-09-11 10:11:17 method: com.t.webauto.utils.Base.getElement(Base.java:162) - [ INFO ]----获取【注册页】 上的 【密码输入框】： {'by','id'},{'value','dgfvkp'}【成功】
2020-09-11 10:11:17 method: com.t.webauto.utils.Base.getElement(Base.java:118) - [ INFO ]----获取【注册页】 上的 【请确认密码】： {'by','id'},{'value','Qz45kX'}
2020-09-11 10:11:17 method: com.t.webauto.utils.Base.getElement(Base.java:162) - [ INFO ]----获取【注册页】 上的 【请确认密码】： {'by','id'},{'value','Qz45kX'}【成功】
2020-09-11 10:11:17 method: com.t.webauto.utils.Base.getElement(Base.java:118) - [ INFO ]----获取【注册页】 上的 【邮件输入框】： {'by','id'},{'value','GciA35'}
2020-09-11 10:11:17 method: com.t.webauto.utils.Base.getElement(Base.java:162) - [ INFO ]----获取【注册页】 上的 【邮件输入框】： {'by','id'},{'value','GciA35'}【成功】
2020-09-11 10:11:17 method: com.t.webauto.utils.Base.getElement(Base.java:118) - [ INFO ]----获取【注册页】 上的 【注册按钮】： {'by','id'},{'value','registerformsubmit'}
2020-09-11 10:11:17 method: com.t.webauto.utils.Base.getElement(Base.java:162) - [ INFO ]----获取【注册页】 上的 【注册按钮】： {'by','id'},{'value','registerformsubmit'}【成功】
2020-09-11 10:11:17 method: com.t.webauto.utils.Base.get(Base.java:237) - [ INFO ]----访问页面http://localhost:8088/Discuz/upload/member.php?mod=register
2020-09-11 10:11:18 method: com.t.webauto.utils.Base.getElement(Base.java:118) - [ INFO ]----获取【注册页】 上的 【用户名输入框】： {'by','id'},{'value','tRYSs0'}
2020-09-11 10:11:18 method: com.t.webauto.utils.Base.getElement(Base.java:162) - [ INFO ]----获取【注册页】 上的 【用户名输入框】： {'by','id'},{'value','tRYSs0'}【成功】
2020-09-11 10:11:18 method: com.t.webauto.utils.Base.getElement(Base.java:118) - [ INFO ]----获取【注册页】 上的 【密码输入框】： {'by','id'},{'value','dgfvkp'}
2020-09-11 10:11:18 method: com.t.webauto.utils.Base.getElement(Base.java:162) - [ INFO ]----获取【注册页】 上的 【密码输入框】： {'by','id'},{'value','dgfvkp'}【成功】
2020-09-11 10:11:18 method: com.t.webauto.utils.Base.getElement(Base.java:118) - [ INFO ]----获取【注册页】 上的 【请确认密码】： {'by','id'},{'value','Qz45kX'}
2020-09-11 10:11:18 method: com.t.webauto.utils.Base.getElement(Base.java:162) - [ INFO ]----获取【注册页】 上的 【请确认密码】： {'by','id'},{'value','Qz45kX'}【成功】
2020-09-11 10:11:18 method: com.t.webauto.utils.Base.getElement(Base.java:118) - [ INFO ]----获取【注册页】 上的 【邮件输入框】： {'by','id'},{'value','GciA35'}
2020-09-11 10:11:18 method: com.t.webauto.utils.Base.getElement(Base.java:162) - [ INFO ]----获取【注册页】 上的 【邮件输入框】： {'by','id'},{'value','GciA35'}【成功】
2020-09-11 10:11:18 method: com.t.webauto.utils.Base.getElement(Base.java:118) - [ INFO ]----获取【注册页】 上的 【注册按钮】： {'by','id'},{'value','registerformsubmit'}
2020-09-11 10:11:18 method: com.t.webauto.utils.Base.getElement(Base.java:162) - [ INFO ]----获取【注册页】 上的 【注册按钮】： {'by','id'},{'value','registerformsubmit'}【成功】
2020-09-11 10:11:18 method: com.t.webauto.utils.Base.get(Base.java:237) - [ INFO ]----访问页面http://localhost:8088/Discuz/upload/member.php?mod=register
2020-09-11 10:11:18 method: com.t.webauto.utils.Base.getElement(Base.java:118) - [ INFO ]----获取【注册页】 上的 【用户名输入框】： {'by','id'},{'value','tRYSs0'}
2020-09-11 10:11:18 method: com.t.webauto.utils.Base.getElement(Base.java:162) - [ INFO ]----获取【注册页】 上的 【用户名输入框】： {'by','id'},{'value','tRYSs0'}【成功】
2020-09-11 10:11:19 method: com.t.webauto.utils.Base.getElement(Base.java:118) - [ INFO ]----获取【注册页】 上的 【密码输入框】： {'by','id'},{'value','dgfvkp'}
2020-09-11 10:11:19 method: com.t.webauto.utils.Base.getElement(Base.java:162) - [ INFO ]----获取【注册页】 上的 【密码输入框】： {'by','id'},{'value','dgfvkp'}【成功】
2020-09-11 10:11:19 method: com.t.webauto.utils.Base.getElement(Base.java:118) - [ INFO ]----获取【注册页】 上的 【请确认密码】： {'by','id'},{'value','Qz45kX'}
2020-09-11 10:11:19 method: com.t.webauto.utils.Base.getElement(Base.java:162) - [ INFO ]----获取【注册页】 上的 【请确认密码】： {'by','id'},{'value','Qz45kX'}【成功】
2020-09-11 10:11:19 method: com.t.webauto.utils.Base.getElement(Base.java:118) - [ INFO ]----获取【注册页】 上的 【邮件输入框】： {'by','id'},{'value','GciA35'}
2020-09-11 10:11:19 method: com.t.webauto.utils.Base.getElement(Base.java:162) - [ INFO ]----获取【注册页】 上的 【邮件输入框】： {'by','id'},{'value','GciA35'}【成功】
2020-09-11 10:11:19 method: com.t.webauto.utils.Base.getElement(Base.java:118) - [ INFO ]----获取【注册页】 上的 【注册按钮】： {'by','id'},{'value','registerformsubmit'}
2020-09-11 10:11:19 method: com.t.webauto.utils.Base.getElement(Base.java:162) - [ INFO ]----获取【注册页】 上的 【注册按钮】： {'by','id'},{'value','registerformsubmit'}【成功】
2020-09-11 10:11:19 method: com.t.webauto.utils.Base.get(Base.java:237) - [ INFO ]----访问页面http://localhost:8088/Discuz/upload/member.php?mod=register
2020-09-11 10:11:20 method: com.t.webauto.utils.Base.getElement(Base.java:118) - [ INFO ]----获取【注册页】 上的 【用户名输入框】： {'by','id'},{'value','tRYSs0'}
2020-09-11 10:11:20 method: com.t.webauto.utils.Base.getElement(Base.java:162) - [ INFO ]----获取【注册页】 上的 【用户名输入框】： {'by','id'},{'value','tRYSs0'}【成功】
2020-09-11 10:11:20 method: com.t.webauto.utils.Base.getElement(Base.java:118) - [ INFO ]----获取【注册页】 上的 【密码输入框】： {'by','id'},{'value','dgfvkp'}
2020-09-11 10:11:20 method: com.t.webauto.utils.Base.getElement(Base.java:162) - [ INFO ]----获取【注册页】 上的 【密码输入框】： {'by','id'},{'value','dgfvkp'}【成功】
2020-09-11 10:11:20 method: com.t.webauto.utils.Base.getElement(Base.java:118) - [ INFO ]----获取【注册页】 上的 【请确认密码】： {'by','id'},{'value','Qz45kX'}
2020-09-11 10:11:20 method: com.t.webauto.utils.Base.getElement(Base.java:162) - [ INFO ]----获取【注册页】 上的 【请确认密码】： {'by','id'},{'value','Qz45kX'}【成功】
2020-09-11 10:11:20 method: com.t.webauto.utils.Base.getElement(Base.java:118) - [ INFO ]----获取【注册页】 上的 【邮件输入框】： {'by','id'},{'value','GciA35'}
2020-09-11 10:11:20 method: com.t.webauto.utils.Base.getElement(Base.java:162) - [ INFO ]----获取【注册页】 上的 【邮件输入框】： {'by','id'},{'value','GciA35'}【成功】
2020-09-11 10:11:20 method: com.t.webauto.utils.Base.getElement(Base.java:118) - [ INFO ]----获取【注册页】 上的 【注册按钮】： {'by','id'},{'value','registerformsubmit'}
2020-09-11 10:11:20 method: com.t.webauto.utils.Base.getElement(Base.java:162) - [ INFO ]----获取【注册页】 上的 【注册按钮】： {'by','id'},{'value','registerformsubmit'}【成功】
2020-09-11 10:11:23 method: com.t.webauto.utils.Base.tearDown(Base.java:176) - [ INFO ]----*********************************************完成测试*********************************************
2020-09-11 10:12:05 method: com.t.webauto.utils.Base.init(Base.java:28) - [ INFO ]----*****************************************测试开始***************************************************************************************
2020-09-11 10:12:05 method: com.t.webauto.utils.Base.init(Base.java:29) - [ INFO ]----配置浏览器：firefox,Selenium版本：src/test/resources/geckodriver.exe,驱动文件路径：3.X
2020-09-11 10:12:14 method: com.t.webauto.utils.Base.init(Base.java:51) - [ INFO ]----成功创建firefox驱动对象
2020-09-11 10:12:15 method: com.t.webauto.utils.Base.get(Base.java:237) - [ INFO ]----访问页面http://localhost:8088/Discuz/upload/member.php?mod=register
2020-09-11 10:12:16 method: com.t.webauto.utils.Base.getElement(Base.java:118) - [ INFO ]----获取【注册页】 上的 【用户名输入框】： {'by','id'},{'value','tRYSs0'}
2020-09-11 10:12:16 method: com.t.webauto.utils.Base.getElement(Base.java:162) - [ INFO ]----获取【注册页】 上的 【用户名输入框】： {'by','id'},{'value','tRYSs0'}【成功】
2020-09-11 10:12:16 method: com.t.webauto.utils.Base.getElement(Base.java:118) - [ INFO ]----获取【注册页】 上的 【密码输入框】： {'by','id'},{'value','dgfvkp'}
2020-09-11 10:12:16 method: com.t.webauto.utils.Base.getElement(Base.java:162) - [ INFO ]----获取【注册页】 上的 【密码输入框】： {'by','id'},{'value','dgfvkp'}【成功】
2020-09-11 10:12:16 method: com.t.webauto.utils.Base.getElement(Base.java:118) - [ INFO ]----获取【注册页】 上的 【请确认密码】： {'by','id'},{'value','Qz45kX'}
2020-09-11 10:12:16 method: com.t.webauto.utils.Base.getElement(Base.java:162) - [ INFO ]----获取【注册页】 上的 【请确认密码】： {'by','id'},{'value','Qz45kX'}【成功】
2020-09-11 10:12:16 method: com.t.webauto.utils.Base.getElement(Base.java:118) - [ INFO ]----获取【注册页】 上的 【邮件输入框】： {'by','id'},{'value','GciA35'}
2020-09-11 10:12:16 method: com.t.webauto.utils.Base.getElement(Base.java:162) - [ INFO ]----获取【注册页】 上的 【邮件输入框】： {'by','id'},{'value','GciA35'}【成功】
2020-09-11 10:12:16 method: com.t.webauto.utils.Base.getElement(Base.java:118) - [ INFO ]----获取【注册页】 上的 【注册按钮】： {'by','id'},{'value','registerformsubmit'}
2020-09-11 10:12:16 method: com.t.webauto.utils.Base.getElement(Base.java:162) - [ INFO ]----获取【注册页】 上的 【注册按钮】： {'by','id'},{'value','registerformsubmit'}【成功】
2020-09-11 10:12:16 method: com.t.webauto.utils.Base.get(Base.java:237) - [ INFO ]----访问页面http://localhost:8088/Discuz/upload/member.php?mod=register
2020-09-11 10:12:45 method: com.t.webauto.utils.Base.init(Base.java:28) - [ INFO ]----*****************************************测试开始***************************************************************************************
2020-09-11 10:12:45 method: com.t.webauto.utils.Base.init(Base.java:29) - [ INFO ]----配置浏览器：firefox,Selenium版本：src/test/resources/geckodriver.exe,驱动文件路径：3.X
2020-09-11 10:12:53 method: com.t.webauto.utils.Base.init(Base.java:51) - [ INFO ]----成功创建firefox驱动对象
2020-09-11 10:12:54 method: com.t.webauto.utils.Base.get(Base.java:237) - [ INFO ]----访问页面http://localhost:8088/Discuz/upload/member.php?mod=register
2020-09-11 10:12:55 method: com.t.webauto.utils.Base.getElement(Base.java:118) - [ INFO ]----获取【注册页】 上的 【用户名输入框】： {'by','id'},{'value','tRYSs0'}
2020-09-11 10:12:55 method: com.t.webauto.utils.Base.getElement(Base.java:162) - [ INFO ]----获取【注册页】 上的 【用户名输入框】： {'by','id'},{'value','tRYSs0'}【成功】
2020-09-11 10:12:55 method: com.t.webauto.utils.Base.getElement(Base.java:118) - [ INFO ]----获取【注册页】 上的 【密码输入框】： {'by','id'},{'value','dgfvkp'}
2020-09-11 10:12:55 method: com.t.webauto.utils.Base.getElement(Base.java:162) - [ INFO ]----获取【注册页】 上的 【密码输入框】： {'by','id'},{'value','dgfvkp'}【成功】
2020-09-11 10:12:55 method: com.t.webauto.utils.Base.getElement(Base.java:118) - [ INFO ]----获取【注册页】 上的 【请确认密码】： {'by','id'},{'value','Qz45kX'}
2020-09-11 10:12:55 method: com.t.webauto.utils.Base.getElement(Base.java:162) - [ INFO ]----获取【注册页】 上的 【请确认密码】： {'by','id'},{'value','Qz45kX'}【成功】
2020-09-11 10:12:55 method: com.t.webauto.utils.Base.getElement(Base.java:118) - [ INFO ]----获取【注册页】 上的 【邮件输入框】： {'by','id'},{'value','GciA35'}
2020-09-11 10:12:55 method: com.t.webauto.utils.Base.getElement(Base.java:162) - [ INFO ]----获取【注册页】 上的 【邮件输入框】： {'by','id'},{'value','GciA35'}【成功】
2020-09-11 10:12:55 method: com.t.webauto.utils.Base.getElement(Base.java:118) - [ INFO ]----获取【注册页】 上的 【注册按钮】： {'by','id'},{'value','registerformsubmit'}
2020-09-11 10:12:55 method: com.t.webauto.utils.Base.getElement(Base.java:162) - [ INFO ]----获取【注册页】 上的 【注册按钮】： {'by','id'},{'value','registerformsubmit'}【成功】
2020-09-11 10:12:55 method: com.t.webauto.utils.Base.get(Base.java:237) - [ INFO ]----访问页面http://localhost:8088/Discuz/upload/member.php?mod=register
2020-09-11 10:12:56 method: com.t.webauto.utils.Base.getElement(Base.java:118) - [ INFO ]----获取【注册页】 上的 【用户名输入框】： {'by','id'},{'value','tRYSs0'}
2020-09-11 10:12:56 method: com.t.webauto.utils.Base.getElement(Base.java:162) - [ INFO ]----获取【注册页】 上的 【用户名输入框】： {'by','id'},{'value','tRYSs0'}【成功】
2020-09-11 10:12:56 method: com.t.webauto.utils.Base.getElement(Base.java:118) - [ INFO ]----获取【注册页】 上的 【密码输入框】： {'by','id'},{'value','dgfvkp'}
2020-09-11 10:12:56 method: com.t.webauto.utils.Base.getElement(Base.java:162) - [ INFO ]----获取【注册页】 上的 【密码输入框】： {'by','id'},{'value','dgfvkp'}【成功】
2020-09-11 10:12:56 method: com.t.webauto.utils.Base.getElement(Base.java:118) - [ INFO ]----获取【注册页】 上的 【请确认密码】： {'by','id'},{'value','Qz45kX'}
2020-09-11 10:12:56 method: com.t.webauto.utils.Base.getElement(Base.java:162) - [ INFO ]----获取【注册页】 上的 【请确认密码】： {'by','id'},{'value','Qz45kX'}【成功】
2020-09-11 10:12:56 method: com.t.webauto.utils.Base.getElement(Base.java:118) - [ INFO ]----获取【注册页】 上的 【邮件输入框】： {'by','id'},{'value','GciA35'}
2020-09-11 10:12:56 method: com.t.webauto.utils.Base.getElement(Base.java:162) - [ INFO ]----获取【注册页】 上的 【邮件输入框】： {'by','id'},{'value','GciA35'}【成功】
2020-09-11 10:12:56 method: com.t.webauto.utils.Base.getElement(Base.java:118) - [ INFO ]----获取【注册页】 上的 【注册按钮】： {'by','id'},{'value','registerformsubmit'}
2020-09-11 10:12:56 method: com.t.webauto.utils.Base.getElement(Base.java:162) - [ INFO ]----获取【注册页】 上的 【注册按钮】： {'by','id'},{'value','registerformsubmit'}【成功】
2020-09-11 10:12:56 method: com.t.webauto.utils.Base.get(Base.java:237) - [ INFO ]----访问页面http://localhost:8088/Discuz/upload/member.php?mod=register
2020-09-11 10:12:56 method: com.t.webauto.utils.Base.getElement(Base.java:118) - [ INFO ]----获取【注册页】 上的 【用户名输入框】： {'by','id'},{'value','tRYSs0'}
2020-09-11 10:12:56 method: com.t.webauto.utils.Base.getElement(Base.java:162) - [ INFO ]----获取【注册页】 上的 【用户名输入框】： {'by','id'},{'value','tRYSs0'}【成功】
2020-09-11 10:12:56 method: com.t.webauto.utils.Base.getElement(Base.java:118) - [ INFO ]----获取【注册页】 上的 【密码输入框】： {'by','id'},{'value','dgfvkp'}
2020-09-11 10:12:56 method: com.t.webauto.utils.Base.getElement(Base.java:162) - [ INFO ]----获取【注册页】 上的 【密码输入框】： {'by','id'},{'value','dgfvkp'}【成功】
2020-09-11 10:12:57 method: com.t.webauto.utils.Base.getElement(Base.java:118) - [ INFO ]----获取【注册页】 上的 【请确认密码】： {'by','id'},{'value','Qz45kX'}
2020-09-11 10:12:57 method: com.t.webauto.utils.Base.getElement(Base.java:162) - [ INFO ]----获取【注册页】 上的 【请确认密码】： {'by','id'},{'value','Qz45kX'}【成功】
2020-09-11 10:12:57 method: com.t.webauto.utils.Base.getElement(Base.java:118) - [ INFO ]----获取【注册页】 上的 【邮件输入框】： {'by','id'},{'value','GciA35'}
2020-09-11 10:12:57 method: com.t.webauto.utils.Base.getElement(Base.java:162) - [ INFO ]----获取【注册页】 上的 【邮件输入框】： {'by','id'},{'value','GciA35'}【成功】
2020-09-11 10:12:57 method: com.t.webauto.utils.Base.getElement(Base.java:118) - [ INFO ]----获取【注册页】 上的 【注册按钮】： {'by','id'},{'value','registerformsubmit'}
2020-09-11 10:12:57 method: com.t.webauto.utils.Base.getElement(Base.java:162) - [ INFO ]----获取【注册页】 上的 【注册按钮】： {'by','id'},{'value','registerformsubmit'}【成功】
2020-09-11 10:12:57 method: com.t.webauto.utils.Base.get(Base.java:237) - [ INFO ]----访问页面http://localhost:8088/Discuz/upload/member.php?mod=register
2020-09-11 10:12:57 method: com.t.webauto.utils.Base.getElement(Base.java:118) - [ INFO ]----获取【注册页】 上的 【用户名输入框】： {'by','id'},{'value','tRYSs0'}
2020-09-11 10:12:57 method: com.t.webauto.utils.Base.getElement(Base.java:162) - [ INFO ]----获取【注册页】 上的 【用户名输入框】： {'by','id'},{'value','tRYSs0'}【成功】
2020-09-11 10:12:58 method: com.t.webauto.utils.Base.getElement(Base.java:118) - [ INFO ]----获取【注册页】 上的 【密码输入框】： {'by','id'},{'value','dgfvkp'}
2020-09-11 10:12:58 method: com.t.webauto.utils.Base.getElement(Base.java:162) - [ INFO ]----获取【注册页】 上的 【密码输入框】： {'by','id'},{'value','dgfvkp'}【成功】
2020-09-11 10:12:58 method: com.t.webauto.utils.Base.getElement(Base.java:118) - [ INFO ]----获取【注册页】 上的 【请确认密码】： {'by','id'},{'value','Qz45kX'}
2020-09-11 10:12:58 method: com.t.webauto.utils.Base.getElement(Base.java:162) - [ INFO ]----获取【注册页】 上的 【请确认密码】： {'by','id'},{'value','Qz45kX'}【成功】
2020-09-11 10:12:58 method: com.t.webauto.utils.Base.getElement(Base.java:118) - [ INFO ]----获取【注册页】 上的 【邮件输入框】： {'by','id'},{'value','GciA35'}
2020-09-11 10:12:58 method: com.t.webauto.utils.Base.getElement(Base.java:162) - [ INFO ]----获取【注册页】 上的 【邮件输入框】： {'by','id'},{'value','GciA35'}【成功】
2020-09-11 10:12:58 method: com.t.webauto.utils.Base.getElement(Base.java:118) - [ INFO ]----获取【注册页】 上的 【注册按钮】： {'by','id'},{'value','registerformsubmit'}
2020-09-11 10:12:58 method: com.t.webauto.utils.Base.getElement(Base.java:162) - [ INFO ]----获取【注册页】 上的 【注册按钮】： {'by','id'},{'value','registerformsubmit'}【成功】
2020-09-11 10:13:01 method: com.t.webauto.utils.Base.tearDown(Base.java:176) - [ INFO ]----*********************************************完成测试*********************************************
2020-09-11 10:52:38 method: com.t.webauto.utils.Base.init(Base.java:28) - [ INFO ]----*****************************************测试开始***************************************************************************************
2020-09-11 10:52:38 method: com.t.webauto.utils.Base.init(Base.java:29) - [ INFO ]----配置浏览器：firefox,Selenium版本：src/test/resources/geckodriver.exe,驱动文件路径：3.X
2020-09-11 10:52:48 method: com.t.webauto.utils.Base.init(Base.java:51) - [ INFO ]----成功创建firefox驱动对象
2020-09-11 10:52:48 method: com.t.webauto.utils.Base.get(Base.java:237) - [ INFO ]----访问页面http://localhost:8088/Discuz/upload/member.php?mod=register
2020-09-11 10:52:49 method: com.t.webauto.utils.Base.getElement(Base.java:118) - [ INFO ]----获取【注册页】 上的 【用户名输入框】： {'by','id'},{'value','tRYSs0'}
2020-09-11 10:52:49 method: com.t.webauto.utils.Base.getElement(Base.java:162) - [ INFO ]----获取【注册页】 上的 【用户名输入框】： {'by','id'},{'value','tRYSs0'}【成功】
2020-09-11 10:52:49 method: com.t.webauto.utils.Base.getElement(Base.java:118) - [ INFO ]----获取【注册页】 上的 【密码输入框】： {'by','id'},{'value','dgfvkp'}
2020-09-11 10:52:49 method: com.t.webauto.utils.Base.getElement(Base.java:162) - [ INFO ]----获取【注册页】 上的 【密码输入框】： {'by','id'},{'value','dgfvkp'}【成功】
2020-09-11 10:52:49 method: com.t.webauto.utils.Base.getElement(Base.java:118) - [ INFO ]----获取【注册页】 上的 【请确认密码】： {'by','id'},{'value','Qz45kX'}
2020-09-11 10:52:49 method: com.t.webauto.utils.Base.getElement(Base.java:162) - [ INFO ]----获取【注册页】 上的 【请确认密码】： {'by','id'},{'value','Qz45kX'}【成功】
2020-09-11 10:52:49 method: com.t.webauto.utils.Base.getElement(Base.java:118) - [ INFO ]----获取【注册页】 上的 【邮件输入框】： {'by','id'},{'value','GciA35'}
2020-09-11 10:52:49 method: com.t.webauto.utils.Base.getElement(Base.java:162) - [ INFO ]----获取【注册页】 上的 【邮件输入框】： {'by','id'},{'value','GciA35'}【成功】
2020-09-11 10:52:49 method: com.t.webauto.utils.Base.getElement(Base.java:118) - [ INFO ]----获取【注册页】 上的 【注册按钮】： {'by','id'},{'value','registerformsubmit'}
2020-09-11 10:52:50 method: com.t.webauto.utils.Base.getElement(Base.java:162) - [ INFO ]----获取【注册页】 上的 【注册按钮】： {'by','id'},{'value','registerformsubmit'}【成功】
2020-09-11 10:52:50 method: com.t.webauto.utils.Base.get(Base.java:237) - [ INFO ]----访问页面http://localhost:8088/Discuz/upload/member.php?mod=register
2020-09-11 10:52:50 method: com.t.webauto.utils.Base.getElement(Base.java:118) - [ INFO ]----获取【注册页】 上的 【用户名输入框】： {'by','id'},{'value','tRYSs0'}
2020-09-11 10:52:50 method: com.t.webauto.utils.Base.getElement(Base.java:162) - [ INFO ]----获取【注册页】 上的 【用户名输入框】： {'by','id'},{'value','tRYSs0'}【成功】
2020-09-11 10:52:50 method: com.t.webauto.utils.Base.getElement(Base.java:118) - [ INFO ]----获取【注册页】 上的 【密码输入框】： {'by','id'},{'value','dgfvkp'}
2020-09-11 10:52:50 method: com.t.webauto.utils.Base.getElement(Base.java:162) - [ INFO ]----获取【注册页】 上的 【密码输入框】： {'by','id'},{'value','dgfvkp'}【成功】
2020-09-11 10:52:50 method: com.t.webauto.utils.Base.getElement(Base.java:118) - [ INFO ]----获取【注册页】 上的 【请确认密码】： {'by','id'},{'value','Qz45kX'}
2020-09-11 10:52:50 method: com.t.webauto.utils.Base.getElement(Base.java:162) - [ INFO ]----获取【注册页】 上的 【请确认密码】： {'by','id'},{'value','Qz45kX'}【成功】
2020-09-11 10:52:50 method: com.t.webauto.utils.Base.getElement(Base.java:118) - [ INFO ]----获取【注册页】 上的 【邮件输入框】： {'by','id'},{'value','GciA35'}
2020-09-11 10:52:50 method: com.t.webauto.utils.Base.getElement(Base.java:162) - [ INFO ]----获取【注册页】 上的 【邮件输入框】： {'by','id'},{'value','GciA35'}【成功】
2020-09-11 10:52:50 method: com.t.webauto.utils.Base.getElement(Base.java:118) - [ INFO ]----获取【注册页】 上的 【注册按钮】： {'by','id'},{'value','registerformsubmit'}
2020-09-11 10:52:50 method: com.t.webauto.utils.Base.getElement(Base.java:162) - [ INFO ]----获取【注册页】 上的 【注册按钮】： {'by','id'},{'value','registerformsubmit'}【成功】
2020-09-11 10:52:51 method: com.t.webauto.utils.Base.get(Base.java:237) - [ INFO ]----访问页面http://localhost:8088/Discuz/upload/member.php?mod=register
2020-09-11 10:52:51 method: com.t.webauto.utils.Base.getElement(Base.java:118) - [ INFO ]----获取【注册页】 上的 【用户名输入框】： {'by','id'},{'value','tRYSs0'}
2020-09-11 10:52:51 method: com.t.webauto.utils.Base.getElement(Base.java:162) - [ INFO ]----获取【注册页】 上的 【用户名输入框】： {'by','id'},{'value','tRYSs0'}【成功】
2020-09-11 10:52:51 method: com.t.webauto.utils.Base.getElement(Base.java:118) - [ INFO ]----获取【注册页】 上的 【密码输入框】： {'by','id'},{'value','dgfvkp'}
2020-09-11 10:52:51 method: com.t.webauto.utils.Base.getElement(Base.java:162) - [ INFO ]----获取【注册页】 上的 【密码输入框】： {'by','id'},{'value','dgfvkp'}【成功】
2020-09-11 10:52:51 method: com.t.webauto.utils.Base.getElement(Base.java:118) - [ INFO ]----获取【注册页】 上的 【请确认密码】： {'by','id'},{'value','Qz45kX'}
2020-09-11 10:52:51 method: com.t.webauto.utils.Base.getElement(Base.java:162) - [ INFO ]----获取【注册页】 上的 【请确认密码】： {'by','id'},{'value','Qz45kX'}【成功】
2020-09-11 10:52:51 method: com.t.webauto.utils.Base.getElement(Base.java:118) - [ INFO ]----获取【注册页】 上的 【邮件输入框】： {'by','id'},{'value','GciA35'}
2020-09-11 10:52:51 method: com.t.webauto.utils.Base.getElement(Base.java:162) - [ INFO ]----获取【注册页】 上的 【邮件输入框】： {'by','id'},{'value','GciA35'}【成功】
2020-09-11 10:52:51 method: com.t.webauto.utils.Base.getElement(Base.java:118) - [ INFO ]----获取【注册页】 上的 【注册按钮】： {'by','id'},{'value','registerformsubmit'}
2020-09-11 10:52:51 method: com.t.webauto.utils.Base.getElement(Base.java:162) - [ INFO ]----获取【注册页】 上的 【注册按钮】： {'by','id'},{'value','registerformsubmit'}【成功】
2020-09-11 10:52:52 method: com.t.webauto.utils.Base.get(Base.java:237) - [ INFO ]----访问页面http://localhost:8088/Discuz/upload/member.php?mod=register
2020-09-11 10:52:52 method: com.t.webauto.utils.Base.getElement(Base.java:118) - [ INFO ]----获取【注册页】 上的 【用户名输入框】： {'by','id'},{'value','tRYSs0'}
2020-09-11 10:52:52 method: com.t.webauto.utils.Base.getElement(Base.java:162) - [ INFO ]----获取【注册页】 上的 【用户名输入框】： {'by','id'},{'value','tRYSs0'}【成功】
2020-09-11 10:52:52 method: com.t.webauto.utils.Base.getElement(Base.java:118) - [ INFO ]----获取【注册页】 上的 【密码输入框】： {'by','id'},{'value','dgfvkp'}
2020-09-11 10:52:52 method: com.t.webauto.utils.Base.getElement(Base.java:162) - [ INFO ]----获取【注册页】 上的 【密码输入框】： {'by','id'},{'value','dgfvkp'}【成功】
2020-09-11 10:52:52 method: com.t.webauto.utils.Base.getElement(Base.java:118) - [ INFO ]----获取【注册页】 上的 【请确认密码】： {'by','id'},{'value','Qz45kX'}
2020-09-11 10:52:52 method: com.t.webauto.utils.Base.getElement(Base.java:162) - [ INFO ]----获取【注册页】 上的 【请确认密码】： {'by','id'},{'value','Qz45kX'}【成功】
2020-09-11 10:52:52 method: com.t.webauto.utils.Base.getElement(Base.java:118) - [ INFO ]----获取【注册页】 上的 【邮件输入框】： {'by','id'},{'value','GciA35'}
2020-09-11 10:52:52 method: com.t.webauto.utils.Base.getElement(Base.java:162) - [ INFO ]----获取【注册页】 上的 【邮件输入框】： {'by','id'},{'value','GciA35'}【成功】
2020-09-11 10:52:52 method: com.t.webauto.utils.Base.getElement(Base.java:118) - [ INFO ]----获取【注册页】 上的 【注册按钮】： {'by','id'},{'value','registerformsubmit'}
2020-09-11 10:52:52 method: com.t.webauto.utils.Base.getElement(Base.java:162) - [ INFO ]----获取【注册页】 上的 【注册按钮】： {'by','id'},{'value','registerformsubmit'}【成功】
2020-09-11 10:52:56 method: com.t.webauto.utils.Base.tearDown(Base.java:176) - [ INFO ]----*********************************************完成测试*********************************************
2020-09-11 10:55:13 method: com.t.webauto.utils.Base.init(Base.java:28) - [ INFO ]----*****************************************测试开始***************************************************************************************
2020-09-11 10:55:13 method: com.t.webauto.utils.Base.init(Base.java:29) - [ INFO ]----配置浏览器：firefox,Selenium版本：src/test/resources/geckodriver.exe,驱动文件路径：3.X
2020-09-11 10:55:23 method: com.t.webauto.utils.Base.init(Base.java:51) - [ INFO ]----成功创建firefox驱动对象
2020-09-11 10:55:24 method: com.t.webauto.utils.Base.get(Base.java:237) - [ INFO ]----访问页面http://localhost:8088/Discuz/upload/member.php?mod=register
2020-09-11 10:55:24 method: com.t.webauto.utils.Base.getElement(Base.java:118) - [ INFO ]----获取【注册页】 上的 【用户名输入框】： {'by','id'},{'value','tRYSs0'}
2020-09-11 10:55:24 method: com.t.webauto.utils.Base.getElement(Base.java:162) - [ INFO ]----获取【注册页】 上的 【用户名输入框】： {'by','id'},{'value','tRYSs0'}【成功】
2020-09-11 10:55:24 method: com.t.webauto.utils.Base.getElement(Base.java:118) - [ INFO ]----获取【注册页】 上的 【密码输入框】： {'by','id'},{'value','dgfvkp'}
2020-09-11 10:55:24 method: com.t.webauto.utils.Base.getElement(Base.java:162) - [ INFO ]----获取【注册页】 上的 【密码输入框】： {'by','id'},{'value','dgfvkp'}【成功】
2020-09-11 10:55:25 method: com.t.webauto.utils.Base.getElement(Base.java:118) - [ INFO ]----获取【注册页】 上的 【请确认密码】： {'by','id'},{'value','Qz45kX'}
2020-09-11 10:55:25 method: com.t.webauto.utils.Base.getElement(Base.java:162) - [ INFO ]----获取【注册页】 上的 【请确认密码】： {'by','id'},{'value','Qz45kX'}【成功】
2020-09-11 10:55:25 method: com.t.webauto.utils.Base.getElement(Base.java:118) - [ INFO ]----获取【注册页】 上的 【邮件输入框】： {'by','id'},{'value','GciA35'}
2020-09-11 10:55:25 method: com.t.webauto.utils.Base.getElement(Base.java:162) - [ INFO ]----获取【注册页】 上的 【邮件输入框】： {'by','id'},{'value','GciA35'}【成功】
2020-09-11 10:55:25 method: com.t.webauto.utils.Base.getElement(Base.java:118) - [ INFO ]----获取【注册页】 上的 【注册按钮】： {'by','id'},{'value','registerformsubmit'}
2020-09-11 10:55:25 method: com.t.webauto.utils.Base.getElement(Base.java:162) - [ INFO ]----获取【注册页】 上的 【注册按钮】： {'by','id'},{'value','registerformsubmit'}【成功】
2020-09-11 10:55:25 method: com.t.webauto.utils.Base.get(Base.java:237) - [ INFO ]----访问页面http://localhost:8088/Discuz/upload/member.php?mod=register
2020-09-11 10:55:25 method: com.t.webauto.utils.Base.getElement(Base.java:118) - [ INFO ]----获取【注册页】 上的 【用户名输入框】： {'by','id'},{'value','tRYSs0'}
2020-09-11 10:55:25 method: com.t.webauto.utils.Base.getElement(Base.java:162) - [ INFO ]----获取【注册页】 上的 【用户名输入框】： {'by','id'},{'value','tRYSs0'}【成功】
2020-09-11 10:55:25 method: com.t.webauto.utils.Base.getElement(Base.java:118) - [ INFO ]----获取【注册页】 上的 【密码输入框】： {'by','id'},{'value','dgfvkp'}
2020-09-11 10:55:25 method: com.t.webauto.utils.Base.getElement(Base.java:162) - [ INFO ]----获取【注册页】 上的 【密码输入框】： {'by','id'},{'value','dgfvkp'}【成功】
2020-09-11 10:55:26 method: com.t.webauto.utils.Base.getElement(Base.java:118) - [ INFO ]----获取【注册页】 上的 【请确认密码】： {'by','id'},{'value','Qz45kX'}
2020-09-11 10:55:26 method: com.t.webauto.utils.Base.getElement(Base.java:162) - [ INFO ]----获取【注册页】 上的 【请确认密码】： {'by','id'},{'value','Qz45kX'}【成功】
2020-09-11 10:55:26 method: com.t.webauto.utils.Base.getElement(Base.java:118) - [ INFO ]----获取【注册页】 上的 【邮件输入框】： {'by','id'},{'value','GciA35'}
2020-09-11 10:55:26 method: com.t.webauto.utils.Base.getElement(Base.java:162) - [ INFO ]----获取【注册页】 上的 【邮件输入框】： {'by','id'},{'value','GciA35'}【成功】
2020-09-11 10:55:26 method: com.t.webauto.utils.Base.getElement(Base.java:118) - [ INFO ]----获取【注册页】 上的 【注册按钮】： {'by','id'},{'value','registerformsubmit'}
2020-09-11 10:55:26 method: com.t.webauto.utils.Base.getElement(Base.java:162) - [ INFO ]----获取【注册页】 上的 【注册按钮】： {'by','id'},{'value','registerformsubmit'}【成功】
2020-09-11 10:55:26 method: com.t.webauto.utils.Base.get(Base.java:237) - [ INFO ]----访问页面http://localhost:8088/Discuz/upload/member.php?mod=register
2020-09-11 10:55:26 method: com.t.webauto.utils.Base.getElement(Base.java:118) - [ INFO ]----获取【注册页】 上的 【用户名输入框】： {'by','id'},{'value','tRYSs0'}
2020-09-11 10:55:26 method: com.t.webauto.utils.Base.getElement(Base.java:162) - [ INFO ]----获取【注册页】 上的 【用户名输入框】： {'by','id'},{'value','tRYSs0'}【成功】
2020-09-11 10:55:27 method: com.t.webauto.utils.Base.getElement(Base.java:118) - [ INFO ]----获取【注册页】 上的 【密码输入框】： {'by','id'},{'value','dgfvkp'}
2020-09-11 10:55:27 method: com.t.webauto.utils.Base.getElement(Base.java:162) - [ INFO ]----获取【注册页】 上的 【密码输入框】： {'by','id'},{'value','dgfvkp'}【成功】
2020-09-11 10:55:27 method: com.t.webauto.utils.Base.getElement(Base.java:118) - [ INFO ]----获取【注册页】 上的 【请确认密码】： {'by','id'},{'value','Qz45kX'}
2020-09-11 10:55:27 method: com.t.webauto.utils.Base.getElement(Base.java:162) - [ INFO ]----获取【注册页】 上的 【请确认密码】： {'by','id'},{'value','Qz45kX'}【成功】
2020-09-11 10:55:27 method: com.t.webauto.utils.Base.getElement(Base.java:118) - [ INFO ]----获取【注册页】 上的 【邮件输入框】： {'by','id'},{'value','GciA35'}
2020-09-11 10:55:27 method: com.t.webauto.utils.Base.getElement(Base.java:162) - [ INFO ]----获取【注册页】 上的 【邮件输入框】： {'by','id'},{'value','GciA35'}【成功】
2020-09-11 10:55:27 method: com.t.webauto.utils.Base.getElement(Base.java:118) - [ INFO ]----获取【注册页】 上的 【注册按钮】： {'by','id'},{'value','registerformsubmit'}
2020-09-11 10:55:27 method: com.t.webauto.utils.Base.getElement(Base.java:162) - [ INFO ]----获取【注册页】 上的 【注册按钮】： {'by','id'},{'value','registerformsubmit'}【成功】
2020-09-11 10:55:27 method: com.t.webauto.utils.Base.get(Base.java:237) - [ INFO ]----访问页面http://localhost:8088/Discuz/upload/member.php?mod=register
2020-09-11 10:55:27 method: com.t.webauto.utils.Base.getElement(Base.java:118) - [ INFO ]----获取【注册页】 上的 【用户名输入框】： {'by','id'},{'value','tRYSs0'}
2020-09-11 10:55:27 method: com.t.webauto.utils.Base.getElement(Base.java:162) - [ INFO ]----获取【注册页】 上的 【用户名输入框】： {'by','id'},{'value','tRYSs0'}【成功】
2020-09-11 10:55:27 method: com.t.webauto.utils.Base.getElement(Base.java:118) - [ INFO ]----获取【注册页】 上的 【密码输入框】： {'by','id'},{'value','dgfvkp'}
2020-09-11 10:55:28 method: com.t.webauto.utils.Base.getElement(Base.java:162) - [ INFO ]----获取【注册页】 上的 【密码输入框】： {'by','id'},{'value','dgfvkp'}【成功】
2020-09-11 10:55:28 method: com.t.webauto.utils.Base.getElement(Base.java:118) - [ INFO ]----获取【注册页】 上的 【请确认密码】： {'by','id'},{'value','Qz45kX'}
2020-09-11 10:55:28 method: com.t.webauto.utils.Base.getElement(Base.java:162) - [ INFO ]----获取【注册页】 上的 【请确认密码】： {'by','id'},{'value','Qz45kX'}【成功】
2020-09-11 10:55:28 method: com.t.webauto.utils.Base.getElement(Base.java:118) - [ INFO ]----获取【注册页】 上的 【邮件输入框】： {'by','id'},{'value','GciA35'}
2020-09-11 10:55:28 method: com.t.webauto.utils.Base.getElement(Base.java:162) - [ INFO ]----获取【注册页】 上的 【邮件输入框】： {'by','id'},{'value','GciA35'}【成功】
2020-09-11 10:55:28 method: com.t.webauto.utils.Base.getElement(Base.java:118) - [ INFO ]----获取【注册页】 上的 【注册按钮】： {'by','id'},{'value','registerformsubmit'}
2020-09-11 10:55:28 method: com.t.webauto.utils.Base.getElement(Base.java:162) - [ INFO ]----获取【注册页】 上的 【注册按钮】： {'by','id'},{'value','registerformsubmit'}【成功】
2020-09-11 10:55:31 method: com.t.webauto.utils.Base.tearDown(Base.java:176) - [ INFO ]----*********************************************完成测试*********************************************
2020-09-11 10:59:38 method: com.t.webauto.utils.Base.init(Base.java:28) - [ INFO ]----*****************************************测试开始***************************************************************************************
2020-09-11 10:59:38 method: com.t.webauto.utils.Base.init(Base.java:29) - [ INFO ]----配置浏览器：firefox,Selenium版本：src/test/resources/geckodriver.exe,驱动文件路径：3.X
2020-09-11 10:59:49 method: com.t.webauto.utils.Base.init(Base.java:51) - [ INFO ]----成功创建firefox驱动对象
2020-09-11 10:59:50 method: com.t.webauto.utils.Base.get(Base.java:237) - [ INFO ]----访问页面http://localhost:8088/Discuz/upload/member.php?mod=register
2020-09-11 10:59:51 method: com.t.webauto.utils.Base.getElement(Base.java:118) - [ INFO ]----获取【注册页】 上的 【用户名输入框】： {'by','id'},{'value','tRYSs0'}
2020-09-11 10:59:51 method: com.t.webauto.utils.Base.getElement(Base.java:162) - [ INFO ]----获取【注册页】 上的 【用户名输入框】： {'by','id'},{'value','tRYSs0'}【成功】
2020-09-11 10:59:51 method: com.t.webauto.utils.Base.getElement(Base.java:118) - [ INFO ]----获取【注册页】 上的 【密码输入框】： {'by','id'},{'value','dgfvkp'}
2020-09-11 10:59:51 method: com.t.webauto.utils.Base.getElement(Base.java:162) - [ INFO ]----获取【注册页】 上的 【密码输入框】： {'by','id'},{'value','dgfvkp'}【成功】
2020-09-11 10:59:51 method: com.t.webauto.utils.Base.getElement(Base.java:118) - [ INFO ]----获取【注册页】 上的 【请确认密码】： {'by','id'},{'value','Qz45kX'}
2020-09-11 10:59:51 method: com.t.webauto.utils.Base.getElement(Base.java:162) - [ INFO ]----获取【注册页】 上的 【请确认密码】： {'by','id'},{'value','Qz45kX'}【成功】
2020-09-11 10:59:51 method: com.t.webauto.utils.Base.getElement(Base.java:118) - [ INFO ]----获取【注册页】 上的 【邮件输入框】： {'by','id'},{'value','GciA35'}
2020-09-11 10:59:51 method: com.t.webauto.utils.Base.getElement(Base.java:162) - [ INFO ]----获取【注册页】 上的 【邮件输入框】： {'by','id'},{'value','GciA35'}【成功】
2020-09-11 10:59:51 method: com.t.webauto.utils.Base.getElement(Base.java:118) - [ INFO ]----获取【注册页】 上的 【注册按钮】： {'by','id'},{'value','registerformsubmit'}
2020-09-11 10:59:51 method: com.t.webauto.utils.Base.getElement(Base.java:162) - [ INFO ]----获取【注册页】 上的 【注册按钮】： {'by','id'},{'value','registerformsubmit'}【成功】
2020-09-11 10:59:51 method: com.t.webauto.utils.Base.get(Base.java:237) - [ INFO ]----访问页面http://localhost:8088/Discuz/upload/member.php?mod=register
2020-09-11 10:59:52 method: com.t.webauto.utils.Base.getElement(Base.java:118) - [ INFO ]----获取【注册页】 上的 【用户名输入框】： {'by','id'},{'value','tRYSs0'}
2020-09-11 10:59:52 method: com.t.webauto.utils.Base.getElement(Base.java:162) - [ INFO ]----获取【注册页】 上的 【用户名输入框】： {'by','id'},{'value','tRYSs0'}【成功】
2020-09-11 10:59:52 method: com.t.webauto.utils.Base.getElement(Base.java:118) - [ INFO ]----获取【注册页】 上的 【密码输入框】： {'by','id'},{'value','dgfvkp'}
2020-09-11 10:59:52 method: com.t.webauto.utils.Base.getElement(Base.java:162) - [ INFO ]----获取【注册页】 上的 【密码输入框】： {'by','id'},{'value','dgfvkp'}【成功】
2020-09-11 10:59:52 method: com.t.webauto.utils.Base.getElement(Base.java:118) - [ INFO ]----获取【注册页】 上的 【请确认密码】： {'by','id'},{'value','Qz45kX'}
2020-09-11 10:59:52 method: com.t.webauto.utils.Base.getElement(Base.java:162) - [ INFO ]----获取【注册页】 上的 【请确认密码】： {'by','id'},{'value','Qz45kX'}【成功】
2020-09-11 10:59:52 method: com.t.webauto.utils.Base.getElement(Base.java:118) - [ INFO ]----获取【注册页】 上的 【邮件输入框】： {'by','id'},{'value','GciA35'}
2020-09-11 10:59:52 method: com.t.webauto.utils.Base.getElement(Base.java:162) - [ INFO ]----获取【注册页】 上的 【邮件输入框】： {'by','id'},{'value','GciA35'}【成功】
2020-09-11 10:59:52 method: com.t.webauto.utils.Base.getElement(Base.java:118) - [ INFO ]----获取【注册页】 上的 【注册按钮】： {'by','id'},{'value','registerformsubmit'}
2020-09-11 10:59:52 method: com.t.webauto.utils.Base.getElement(Base.java:162) - [ INFO ]----获取【注册页】 上的 【注册按钮】： {'by','id'},{'value','registerformsubmit'}【成功】
2020-09-11 10:59:52 method: com.t.webauto.utils.Base.get(Base.java:237) - [ INFO ]----访问页面http://localhost:8088/Discuz/upload/member.php?mod=register
2020-09-11 10:59:53 method: com.t.webauto.utils.Base.getElement(Base.java:118) - [ INFO ]----获取【注册页】 上的 【用户名输入框】： {'by','id'},{'value','tRYSs0'}
2020-09-11 10:59:53 method: com.t.webauto.utils.Base.getElement(Base.java:162) - [ INFO ]----获取【注册页】 上的 【用户名输入框】： {'by','id'},{'value','tRYSs0'}【成功】
2020-09-11 10:59:53 method: com.t.webauto.utils.Base.getElement(Base.java:118) - [ INFO ]----获取【注册页】 上的 【密码输入框】： {'by','id'},{'value','dgfvkp'}
2020-09-11 10:59:53 method: com.t.webauto.utils.Base.getElement(Base.java:162) - [ INFO ]----获取【注册页】 上的 【密码输入框】： {'by','id'},{'value','dgfvkp'}【成功】
2020-09-11 10:59:53 method: com.t.webauto.utils.Base.getElement(Base.java:118) - [ INFO ]----获取【注册页】 上的 【请确认密码】： {'by','id'},{'value','Qz45kX'}
2020-09-11 10:59:53 method: com.t.webauto.utils.Base.getElement(Base.java:162) - [ INFO ]----获取【注册页】 上的 【请确认密码】： {'by','id'},{'value','Qz45kX'}【成功】
2020-09-11 10:59:53 method: com.t.webauto.utils.Base.getElement(Base.java:118) - [ INFO ]----获取【注册页】 上的 【邮件输入框】： {'by','id'},{'value','GciA35'}
2020-09-11 10:59:53 method: com.t.webauto.utils.Base.getElement(Base.java:162) - [ INFO ]----获取【注册页】 上的 【邮件输入框】： {'by','id'},{'value','GciA35'}【成功】
2020-09-11 10:59:53 method: com.t.webauto.utils.Base.getElement(Base.java:118) - [ INFO ]----获取【注册页】 上的 【注册按钮】： {'by','id'},{'value','registerformsubmit'}
2020-09-11 10:59:53 method: com.t.webauto.utils.Base.getElement(Base.java:162) - [ INFO ]----获取【注册页】 上的 【注册按钮】： {'by','id'},{'value','registerformsubmit'}【成功】
2020-09-11 10:59:54 method: com.t.webauto.utils.Base.get(Base.java:237) - [ INFO ]----访问页面http://localhost:8088/Discuz/upload/member.php?mod=register
2020-09-11 10:59:54 method: com.t.webauto.utils.Base.getElement(Base.java:118) - [ INFO ]----获取【注册页】 上的 【用户名输入框】： {'by','id'},{'value','tRYSs0'}
2020-09-11 10:59:54 method: com.t.webauto.utils.Base.getElement(Base.java:162) - [ INFO ]----获取【注册页】 上的 【用户名输入框】： {'by','id'},{'value','tRYSs0'}【成功】
2020-09-11 10:59:54 method: com.t.webauto.utils.Base.getElement(Base.java:118) - [ INFO ]----获取【注册页】 上的 【密码输入框】： {'by','id'},{'value','dgfvkp'}
2020-09-11 10:59:54 method: com.t.webauto.utils.Base.getElement(Base.java:162) - [ INFO ]----获取【注册页】 上的 【密码输入框】： {'by','id'},{'value','dgfvkp'}【成功】
2020-09-11 10:59:54 method: com.t.webauto.utils.Base.getElement(Base.java:118) - [ INFO ]----获取【注册页】 上的 【请确认密码】： {'by','id'},{'value','Qz45kX'}
2020-09-11 10:59:54 method: com.t.webauto.utils.Base.getElement(Base.java:162) - [ INFO ]----获取【注册页】 上的 【请确认密码】： {'by','id'},{'value','Qz45kX'}【成功】
2020-09-11 10:59:54 method: com.t.webauto.utils.Base.getElement(Base.java:118) - [ INFO ]----获取【注册页】 上的 【邮件输入框】： {'by','id'},{'value','GciA35'}
2020-09-11 10:59:54 method: com.t.webauto.utils.Base.getElement(Base.java:162) - [ INFO ]----获取【注册页】 上的 【邮件输入框】： {'by','id'},{'value','GciA35'}【成功】
2020-09-11 10:59:54 method: com.t.webauto.utils.Base.getElement(Base.java:118) - [ INFO ]----获取【注册页】 上的 【注册按钮】： {'by','id'},{'value','registerformsubmit'}
2020-09-11 10:59:54 method: com.t.webauto.utils.Base.getElement(Base.java:162) - [ INFO ]----获取【注册页】 上的 【注册按钮】： {'by','id'},{'value','registerformsubmit'}【成功】
2020-09-11 10:59:58 method: com.t.webauto.utils.Base.tearDown(Base.java:176) - [ INFO ]----*********************************************完成测试*********************************************
2020-09-11 11:00:20 method: com.t.webauto.utils.Base.init(Base.java:28) - [ INFO ]----*****************************************测试开始***************************************************************************************
2020-09-11 11:00:20 method: com.t.webauto.utils.Base.init(Base.java:29) - [ INFO ]----配置浏览器：firefox,Selenium版本：src/test/resources/geckodriver.exe,驱动文件路径：3.X
2020-09-11 11:00:35 method: com.t.webauto.utils.Base.init(Base.java:51) - [ INFO ]----成功创建firefox驱动对象
2020-09-11 11:00:36 method: com.t.webauto.utils.Base.get(Base.java:237) - [ INFO ]----访问页面http://localhost:8088/Discuz/upload/member.php?mod=register
2020-09-11 11:00:37 method: com.t.webauto.utils.Base.getElement(Base.java:118) - [ INFO ]----获取【注册页】 上的 【用户名输入框】： {'by','id'},{'value','tRYSs0'}
2020-09-11 11:00:37 method: com.t.webauto.utils.Base.getElement(Base.java:162) - [ INFO ]----获取【注册页】 上的 【用户名输入框】： {'by','id'},{'value','tRYSs0'}【成功】
2020-09-11 11:00:37 method: com.t.webauto.utils.Base.getElement(Base.java:118) - [ INFO ]----获取【注册页】 上的 【密码输入框】： {'by','id'},{'value','dgfvkp'}
2020-09-11 11:00:37 method: com.t.webauto.utils.Base.getElement(Base.java:162) - [ INFO ]----获取【注册页】 上的 【密码输入框】： {'by','id'},{'value','dgfvkp'}【成功】
2020-09-11 11:00:37 method: com.t.webauto.utils.Base.getElement(Base.java:118) - [ INFO ]----获取【注册页】 上的 【请确认密码】： {'by','id'},{'value','Qz45kX'}
2020-09-11 11:00:37 method: com.t.webauto.utils.Base.getElement(Base.java:162) - [ INFO ]----获取【注册页】 上的 【请确认密码】： {'by','id'},{'value','Qz45kX'}【成功】
2020-09-11 11:00:37 method: com.t.webauto.utils.Base.getElement(Base.java:118) - [ INFO ]----获取【注册页】 上的 【邮件输入框】： {'by','id'},{'value','GciA35'}
2020-09-11 11:00:37 method: com.t.webauto.utils.Base.getElement(Base.java:162) - [ INFO ]----获取【注册页】 上的 【邮件输入框】： {'by','id'},{'value','GciA35'}【成功】
2020-09-11 11:00:37 method: com.t.webauto.utils.Base.getElement(Base.java:118) - [ INFO ]----获取【注册页】 上的 【注册按钮】： {'by','id'},{'value','registerformsubmit'}
2020-09-11 11:00:37 method: com.t.webauto.utils.Base.getElement(Base.java:162) - [ INFO ]----获取【注册页】 上的 【注册按钮】： {'by','id'},{'value','registerformsubmit'}【成功】
2020-09-11 11:00:37 method: com.t.webauto.utils.Base.get(Base.java:237) - [ INFO ]----访问页面http://localhost:8088/Discuz/upload/member.php?mod=register
2020-09-11 11:00:38 method: com.t.webauto.utils.Base.getElement(Base.java:118) - [ INFO ]----获取【注册页】 上的 【用户名输入框】： {'by','id'},{'value','tRYSs0'}
2020-09-11 11:00:38 method: com.t.webauto.utils.Base.getElement(Base.java:162) - [ INFO ]----获取【注册页】 上的 【用户名输入框】： {'by','id'},{'value','tRYSs0'}【成功】
2020-09-11 11:00:38 method: com.t.webauto.utils.Base.getElement(Base.java:118) - [ INFO ]----获取【注册页】 上的 【密码输入框】： {'by','id'},{'value','dgfvkp'}
2020-09-11 11:00:38 method: com.t.webauto.utils.Base.getElement(Base.java:162) - [ INFO ]----获取【注册页】 上的 【密码输入框】： {'by','id'},{'value','dgfvkp'}【成功】
2020-09-11 11:00:38 method: com.t.webauto.utils.Base.getElement(Base.java:118) - [ INFO ]----获取【注册页】 上的 【请确认密码】： {'by','id'},{'value','Qz45kX'}
2020-09-11 11:00:38 method: com.t.webauto.utils.Base.getElement(Base.java:162) - [ INFO ]----获取【注册页】 上的 【请确认密码】： {'by','id'},{'value','Qz45kX'}【成功】
2020-09-11 11:00:38 method: com.t.webauto.utils.Base.getElement(Base.java:118) - [ INFO ]----获取【注册页】 上的 【邮件输入框】： {'by','id'},{'value','GciA35'}
2020-09-11 11:00:38 method: com.t.webauto.utils.Base.getElement(Base.java:162) - [ INFO ]----获取【注册页】 上的 【邮件输入框】： {'by','id'},{'value','GciA35'}【成功】
2020-09-11 11:00:38 method: com.t.webauto.utils.Base.getElement(Base.java:118) - [ INFO ]----获取【注册页】 上的 【注册按钮】： {'by','id'},{'value','registerformsubmit'}
2020-09-11 11:00:38 method: com.t.webauto.utils.Base.getElement(Base.java:162) - [ INFO ]----获取【注册页】 上的 【注册按钮】： {'by','id'},{'value','registerformsubmit'}【成功】
2020-09-11 11:00:38 method: com.t.webauto.utils.Base.get(Base.java:237) - [ INFO ]----访问页面http://localhost:8088/Discuz/upload/member.php?mod=register
2020-09-11 11:00:39 method: com.t.webauto.utils.Base.getElement(Base.java:118) - [ INFO ]----获取【注册页】 上的 【用户名输入框】： {'by','id'},{'value','tRYSs0'}
2020-09-11 11:00:39 method: com.t.webauto.utils.Base.getElement(Base.java:162) - [ INFO ]----获取【注册页】 上的 【用户名输入框】： {'by','id'},{'value','tRYSs0'}【成功】
2020-09-11 11:00:39 method: com.t.webauto.utils.Base.getElement(Base.java:118) - [ INFO ]----获取【注册页】 上的 【密码输入框】： {'by','id'},{'value','dgfvkp'}
2020-09-11 11:00:39 method: com.t.webauto.utils.Base.getElement(Base.java:162) - [ INFO ]----获取【注册页】 上的 【密码输入框】： {'by','id'},{'value','dgfvkp'}【成功】
2020-09-11 11:00:39 method: com.t.webauto.utils.Base.getElement(Base.java:118) - [ INFO ]----获取【注册页】 上的 【请确认密码】： {'by','id'},{'value','Qz45kX'}
2020-09-11 11:00:39 method: com.t.webauto.utils.Base.getElement(Base.java:162) - [ INFO ]----获取【注册页】 上的 【请确认密码】： {'by','id'},{'value','Qz45kX'}【成功】
2020-09-11 11:00:39 method: com.t.webauto.utils.Base.getElement(Base.java:118) - [ INFO ]----获取【注册页】 上的 【邮件输入框】： {'by','id'},{'value','GciA35'}
2020-09-11 11:00:39 method: com.t.webauto.utils.Base.getElement(Base.java:162) - [ INFO ]----获取【注册页】 上的 【邮件输入框】： {'by','id'},{'value','GciA35'}【成功】
2020-09-11 11:00:39 method: com.t.webauto.utils.Base.getElement(Base.java:118) - [ INFO ]----获取【注册页】 上的 【注册按钮】： {'by','id'},{'value','registerformsubmit'}
2020-09-11 11:00:39 method: com.t.webauto.utils.Base.getElement(Base.java:162) - [ INFO ]----获取【注册页】 上的 【注册按钮】： {'by','id'},{'value','registerformsubmit'}【成功】
2020-09-11 11:00:39 method: com.t.webauto.utils.Base.get(Base.java:237) - [ INFO ]----访问页面http://localhost:8088/Discuz/upload/member.php?mod=register
2020-09-11 11:00:40 method: com.t.webauto.utils.Base.getElement(Base.java:118) - [ INFO ]----获取【注册页】 上的 【用户名输入框】： {'by','id'},{'value','tRYSs0'}
2020-09-11 11:00:40 method: com.t.webauto.utils.Base.getElement(Base.java:162) - [ INFO ]----获取【注册页】 上的 【用户名输入框】： {'by','id'},{'value','tRYSs0'}【成功】
2020-09-11 11:00:40 method: com.t.webauto.utils.Base.getElement(Base.java:118) - [ INFO ]----获取【注册页】 上的 【密码输入框】： {'by','id'},{'value','dgfvkp'}
2020-09-11 11:00:40 method: com.t.webauto.utils.Base.getElement(Base.java:162) - [ INFO ]----获取【注册页】 上的 【密码输入框】： {'by','id'},{'value','dgfvkp'}【成功】
2020-09-11 11:00:40 method: com.t.webauto.utils.Base.getElement(Base.java:118) - [ INFO ]----获取【注册页】 上的 【请确认密码】： {'by','id'},{'value','Qz45kX'}
2020-09-11 11:00:40 method: com.t.webauto.utils.Base.getElement(Base.java:162) - [ INFO ]----获取【注册页】 上的 【请确认密码】： {'by','id'},{'value','Qz45kX'}【成功】
2020-09-11 11:00:40 method: com.t.webauto.utils.Base.getElement(Base.java:118) - [ INFO ]----获取【注册页】 上的 【邮件输入框】： {'by','id'},{'value','GciA35'}
2020-09-11 11:00:40 method: com.t.webauto.utils.Base.getElement(Base.java:162) - [ INFO ]----获取【注册页】 上的 【邮件输入框】： {'by','id'},{'value','GciA35'}【成功】
2020-09-11 11:00:40 method: com.t.webauto.utils.Base.getElement(Base.java:118) - [ INFO ]----获取【注册页】 上的 【注册按钮】： {'by','id'},{'value','registerformsubmit'}
2020-09-11 11:00:40 method: com.t.webauto.utils.Base.getElement(Base.java:162) - [ INFO ]----获取【注册页】 上的 【注册按钮】： {'by','id'},{'value','registerformsubmit'}【成功】
2020-09-11 11:00:44 method: com.t.webauto.utils.Base.tearDown(Base.java:176) - [ INFO ]----*********************************************完成测试*********************************************
2020-09-11 11:02:22 method: com.t.webauto.utils.Base.init(Base.java:28) - [ INFO ]----*****************************************测试开始***************************************************************************************
2020-09-11 11:02:22 method: com.t.webauto.utils.Base.init(Base.java:29) - [ INFO ]----配置浏览器：firefox,Selenium版本：src/test/resources/geckodriver.exe,驱动文件路径：3.X
2020-09-11 11:02:32 method: com.t.webauto.utils.Base.init(Base.java:51) - [ INFO ]----成功创建firefox驱动对象
2020-09-11 11:02:32 method: com.t.webauto.utils.Base.get(Base.java:237) - [ INFO ]----访问页面http://localhost:8088/Discuz/upload/member.php?mod=register
2020-09-11 11:02:33 method: com.t.webauto.utils.Base.getElement(Base.java:118) - [ INFO ]----获取【注册页】 上的 【用户名输入框】： {'by','id'},{'value','tRYSs0'}
2020-09-11 11:02:33 method: com.t.webauto.utils.Base.getElement(Base.java:162) - [ INFO ]----获取【注册页】 上的 【用户名输入框】： {'by','id'},{'value','tRYSs0'}【成功】
2020-09-11 11:02:33 method: com.t.webauto.utils.Base.getElement(Base.java:118) - [ INFO ]----获取【注册页】 上的 【密码输入框】： {'by','id'},{'value','dgfvkp'}
2020-09-11 11:02:33 method: com.t.webauto.utils.Base.getElement(Base.java:162) - [ INFO ]----获取【注册页】 上的 【密码输入框】： {'by','id'},{'value','dgfvkp'}【成功】
2020-09-11 11:02:33 method: com.t.webauto.utils.Base.getElement(Base.java:118) - [ INFO ]----获取【注册页】 上的 【请确认密码】： {'by','id'},{'value','Qz45kX'}
2020-09-11 11:02:33 method: com.t.webauto.utils.Base.getElement(Base.java:162) - [ INFO ]----获取【注册页】 上的 【请确认密码】： {'by','id'},{'value','Qz45kX'}【成功】
2020-09-11 11:02:33 method: com.t.webauto.utils.Base.getElement(Base.java:118) - [ INFO ]----获取【注册页】 上的 【邮件输入框】： {'by','id'},{'value','GciA35'}
2020-09-11 11:02:33 method: com.t.webauto.utils.Base.getElement(Base.java:162) - [ INFO ]----获取【注册页】 上的 【邮件输入框】： {'by','id'},{'value','GciA35'}【成功】
2020-09-11 11:02:33 method: com.t.webauto.utils.Base.getElement(Base.java:118) - [ INFO ]----获取【注册页】 上的 【注册按钮】： {'by','id'},{'value','registerformsubmit'}
2020-09-11 11:02:33 method: com.t.webauto.utils.Base.getElement(Base.java:162) - [ INFO ]----获取【注册页】 上的 【注册按钮】： {'by','id'},{'value','registerformsubmit'}【成功】
2020-09-11 11:02:33 method: com.t.webauto.utils.Base.get(Base.java:237) - [ INFO ]----访问页面http://localhost:8088/Discuz/upload/member.php?mod=register
2020-09-11 11:02:34 method: com.t.webauto.utils.Base.getElement(Base.java:118) - [ INFO ]----获取【注册页】 上的 【用户名输入框】： {'by','id'},{'value','tRYSs0'}
2020-09-11 11:02:34 method: com.t.webauto.utils.Base.getElement(Base.java:162) - [ INFO ]----获取【注册页】 上的 【用户名输入框】： {'by','id'},{'value','tRYSs0'}【成功】
2020-09-11 11:02:34 method: com.t.webauto.utils.Base.getElement(Base.java:118) - [ INFO ]----获取【注册页】 上的 【密码输入框】： {'by','id'},{'value','dgfvkp'}
2020-09-11 11:02:34 method: com.t.webauto.utils.Base.getElement(Base.java:162) - [ INFO ]----获取【注册页】 上的 【密码输入框】： {'by','id'},{'value','dgfvkp'}【成功】
2020-09-11 11:02:34 method: com.t.webauto.utils.Base.getElement(Base.java:118) - [ INFO ]----获取【注册页】 上的 【请确认密码】： {'by','id'},{'value','Qz45kX'}
2020-09-11 11:02:34 method: com.t.webauto.utils.Base.getElement(Base.java:162) - [ INFO ]----获取【注册页】 上的 【请确认密码】： {'by','id'},{'value','Qz45kX'}【成功】
2020-09-11 11:02:34 method: com.t.webauto.utils.Base.getElement(Base.java:118) - [ INFO ]----获取【注册页】 上的 【邮件输入框】： {'by','id'},{'value','GciA35'}
2020-09-11 11:02:34 method: com.t.webauto.utils.Base.getElement(Base.java:162) - [ INFO ]----获取【注册页】 上的 【邮件输入框】： {'by','id'},{'value','GciA35'}【成功】
2020-09-11 11:02:34 method: com.t.webauto.utils.Base.getElement(Base.java:118) - [ INFO ]----获取【注册页】 上的 【注册按钮】： {'by','id'},{'value','registerformsubmit'}
2020-09-11 11:02:34 method: com.t.webauto.utils.Base.getElement(Base.java:162) - [ INFO ]----获取【注册页】 上的 【注册按钮】： {'by','id'},{'value','registerformsubmit'}【成功】
2020-09-11 11:02:34 method: com.t.webauto.utils.Base.get(Base.java:237) - [ INFO ]----访问页面http://localhost:8088/Discuz/upload/member.php?mod=register
2020-09-11 11:02:34 method: com.t.webauto.utils.Base.getElement(Base.java:118) - [ INFO ]----获取【注册页】 上的 【用户名输入框】： {'by','id'},{'value','tRYSs0'}
2020-09-11 11:02:34 method: com.t.webauto.utils.Base.getElement(Base.java:162) - [ INFO ]----获取【注册页】 上的 【用户名输入框】： {'by','id'},{'value','tRYSs0'}【成功】
2020-09-11 11:02:35 method: com.t.webauto.utils.Base.getElement(Base.java:118) - [ INFO ]----获取【注册页】 上的 【密码输入框】： {'by','id'},{'value','dgfvkp'}
2020-09-11 11:02:35 method: com.t.webauto.utils.Base.getElement(Base.java:162) - [ INFO ]----获取【注册页】 上的 【密码输入框】： {'by','id'},{'value','dgfvkp'}【成功】
2020-09-11 11:02:35 method: com.t.webauto.utils.Base.getElement(Base.java:118) - [ INFO ]----获取【注册页】 上的 【请确认密码】： {'by','id'},{'value','Qz45kX'}
2020-09-11 11:02:35 method: com.t.webauto.utils.Base.getElement(Base.java:162) - [ INFO ]----获取【注册页】 上的 【请确认密码】： {'by','id'},{'value','Qz45kX'}【成功】
2020-09-11 11:02:35 method: com.t.webauto.utils.Base.getElement(Base.java:118) - [ INFO ]----获取【注册页】 上的 【邮件输入框】： {'by','id'},{'value','GciA35'}
2020-09-11 11:02:35 method: com.t.webauto.utils.Base.getElement(Base.java:162) - [ INFO ]----获取【注册页】 上的 【邮件输入框】： {'by','id'},{'value','GciA35'}【成功】
2020-09-11 11:02:35 method: com.t.webauto.utils.Base.getElement(Base.java:118) - [ INFO ]----获取【注册页】 上的 【注册按钮】： {'by','id'},{'value','registerformsubmit'}
2020-09-11 11:02:35 method: com.t.webauto.utils.Base.getElement(Base.java:162) - [ INFO ]----获取【注册页】 上的 【注册按钮】： {'by','id'},{'value','registerformsubmit'}【成功】
2020-09-11 11:02:35 method: com.t.webauto.utils.Base.get(Base.java:237) - [ INFO ]----访问页面http://localhost:8088/Discuz/upload/member.php?mod=register
2020-09-11 11:02:35 method: com.t.webauto.utils.Base.getElement(Base.java:118) - [ INFO ]----获取【注册页】 上的 【用户名输入框】： {'by','id'},{'value','tRYSs0'}
2020-09-11 11:02:35 method: com.t.webauto.utils.Base.getElement(Base.java:162) - [ INFO ]----获取【注册页】 上的 【用户名输入框】： {'by','id'},{'value','tRYSs0'}【成功】
2020-09-11 11:02:35 method: com.t.webauto.utils.Base.getElement(Base.java:118) - [ INFO ]----获取【注册页】 上的 【密码输入框】： {'by','id'},{'value','dgfvkp'}
2020-09-11 11:02:35 method: com.t.webauto.utils.Base.getElement(Base.java:162) - [ INFO ]----获取【注册页】 上的 【密码输入框】： {'by','id'},{'value','dgfvkp'}【成功】
2020-09-11 11:02:35 method: com.t.webauto.utils.Base.getElement(Base.java:118) - [ INFO ]----获取【注册页】 上的 【请确认密码】： {'by','id'},{'value','Qz45kX'}
2020-09-11 11:02:35 method: com.t.webauto.utils.Base.getElement(Base.java:162) - [ INFO ]----获取【注册页】 上的 【请确认密码】： {'by','id'},{'value','Qz45kX'}【成功】
2020-09-11 11:02:36 method: com.t.webauto.utils.Base.getElement(Base.java:118) - [ INFO ]----获取【注册页】 上的 【邮件输入框】： {'by','id'},{'value','GciA35'}
2020-09-11 11:02:36 method: com.t.webauto.utils.Base.getElement(Base.java:162) - [ INFO ]----获取【注册页】 上的 【邮件输入框】： {'by','id'},{'value','GciA35'}【成功】
2020-09-11 11:02:36 method: com.t.webauto.utils.Base.getElement(Base.java:118) - [ INFO ]----获取【注册页】 上的 【注册按钮】： {'by','id'},{'value','registerformsubmit'}
2020-09-11 11:02:36 method: com.t.webauto.utils.Base.getElement(Base.java:162) - [ INFO ]----获取【注册页】 上的 【注册按钮】： {'by','id'},{'value','registerformsubmit'}【成功】
2020-09-11 11:02:39 method: com.t.webauto.utils.Base.tearDown(Base.java:176) - [ INFO ]----*********************************************完成测试*********************************************
2020-09-11 11:06:35 method: com.t.webauto.utils.Base.init(Base.java:28) - [ INFO ]----*****************************************测试开始***************************************************************************************
2020-09-11 11:06:35 method: com.t.webauto.utils.Base.init(Base.java:29) - [ INFO ]----配置浏览器：firefox,Selenium版本：src/test/resources/geckodriver.exe,驱动文件路径：3.X
2020-09-11 11:06:45 method: com.t.webauto.utils.Base.init(Base.java:51) - [ INFO ]----成功创建firefox驱动对象
2020-09-11 11:06:46 method: com.t.webauto.utils.Base.get(Base.java:237) - [ INFO ]----访问页面http://localhost:8088/Discuz/upload/member.php?mod=register
2020-09-11 11:06:46 method: com.t.webauto.utils.Base.getElement(Base.java:118) - [ INFO ]----获取【注册页】 上的 【用户名输入框】： {'by','id'},{'value','tRYSs0'}
2020-09-11 11:06:46 method: com.t.webauto.utils.Base.getElement(Base.java:162) - [ INFO ]----获取【注册页】 上的 【用户名输入框】： {'by','id'},{'value','tRYSs0'}【成功】
2020-09-11 11:06:46 method: com.t.webauto.utils.Base.getElement(Base.java:118) - [ INFO ]----获取【注册页】 上的 【密码输入框】： {'by','id'},{'value','dgfvkp'}
2020-09-11 11:06:46 method: com.t.webauto.utils.Base.getElement(Base.java:162) - [ INFO ]----获取【注册页】 上的 【密码输入框】： {'by','id'},{'value','dgfvkp'}【成功】
2020-09-11 11:06:46 method: com.t.webauto.utils.Base.getElement(Base.java:118) - [ INFO ]----获取【注册页】 上的 【请确认密码】： {'by','id'},{'value','Qz45kX'}
2020-09-11 11:06:47 method: com.t.webauto.utils.Base.getElement(Base.java:162) - [ INFO ]----获取【注册页】 上的 【请确认密码】： {'by','id'},{'value','Qz45kX'}【成功】
2020-09-11 11:06:47 method: com.t.webauto.utils.Base.getElement(Base.java:118) - [ INFO ]----获取【注册页】 上的 【邮件输入框】： {'by','id'},{'value','GciA35'}
2020-09-11 11:06:47 method: com.t.webauto.utils.Base.getElement(Base.java:162) - [ INFO ]----获取【注册页】 上的 【邮件输入框】： {'by','id'},{'value','GciA35'}【成功】
2020-09-11 11:06:47 method: com.t.webauto.utils.Base.getElement(Base.java:118) - [ INFO ]----获取【注册页】 上的 【注册按钮】： {'by','id'},{'value','registerformsubmit'}
2020-09-11 11:06:47 method: com.t.webauto.utils.Base.getElement(Base.java:162) - [ INFO ]----获取【注册页】 上的 【注册按钮】： {'by','id'},{'value','registerformsubmit'}【成功】
2020-09-11 11:06:47 method: com.t.webauto.utils.Base.get(Base.java:237) - [ INFO ]----访问页面http://localhost:8088/Discuz/upload/member.php?mod=register
2020-09-11 11:06:47 method: com.t.webauto.utils.Base.getElement(Base.java:118) - [ INFO ]----获取【注册页】 上的 【用户名输入框】： {'by','id'},{'value','tRYSs0'}
2020-09-11 11:06:47 method: com.t.webauto.utils.Base.getElement(Base.java:162) - [ INFO ]----获取【注册页】 上的 【用户名输入框】： {'by','id'},{'value','tRYSs0'}【成功】
2020-09-11 11:06:47 method: com.t.webauto.utils.Base.getElement(Base.java:118) - [ INFO ]----获取【注册页】 上的 【密码输入框】： {'by','id'},{'value','dgfvkp'}
2020-09-11 11:06:47 method: com.t.webauto.utils.Base.getElement(Base.java:162) - [ INFO ]----获取【注册页】 上的 【密码输入框】： {'by','id'},{'value','dgfvkp'}【成功】
2020-09-11 11:06:47 method: com.t.webauto.utils.Base.getElement(Base.java:118) - [ INFO ]----获取【注册页】 上的 【请确认密码】： {'by','id'},{'value','Qz45kX'}
2020-09-11 11:06:47 method: com.t.webauto.utils.Base.getElement(Base.java:162) - [ INFO ]----获取【注册页】 上的 【请确认密码】： {'by','id'},{'value','Qz45kX'}【成功】
2020-09-11 11:06:47 method: com.t.webauto.utils.Base.getElement(Base.java:118) - [ INFO ]----获取【注册页】 上的 【邮件输入框】： {'by','id'},{'value','GciA35'}
2020-09-11 11:06:48 method: com.t.webauto.utils.Base.getElement(Base.java:162) - [ INFO ]----获取【注册页】 上的 【邮件输入框】： {'by','id'},{'value','GciA35'}【成功】
2020-09-11 11:06:48 method: com.t.webauto.utils.Base.getElement(Base.java:118) - [ INFO ]----获取【注册页】 上的 【注册按钮】： {'by','id'},{'value','registerformsubmit'}
2020-09-11 11:06:48 method: com.t.webauto.utils.Base.getElement(Base.java:162) - [ INFO ]----获取【注册页】 上的 【注册按钮】： {'by','id'},{'value','registerformsubmit'}【成功】
2020-09-11 11:06:48 method: com.t.webauto.utils.Base.get(Base.java:237) - [ INFO ]----访问页面http://localhost:8088/Discuz/upload/member.php?mod=register
2020-09-11 11:06:48 method: com.t.webauto.utils.Base.getElement(Base.java:118) - [ INFO ]----获取【注册页】 上的 【用户名输入框】： {'by','id'},{'value','tRYSs0'}
2020-09-11 11:06:48 method: com.t.webauto.utils.Base.getElement(Base.java:162) - [ INFO ]----获取【注册页】 上的 【用户名输入框】： {'by','id'},{'value','tRYSs0'}【成功】
2020-09-11 11:06:48 method: com.t.webauto.utils.Base.getElement(Base.java:118) - [ INFO ]----获取【注册页】 上的 【密码输入框】： {'by','id'},{'value','dgfvkp'}
2020-09-11 11:06:48 method: com.t.webauto.utils.Base.getElement(Base.java:162) - [ INFO ]----获取【注册页】 上的 【密码输入框】： {'by','id'},{'value','dgfvkp'}【成功】
2020-09-11 11:06:48 method: com.t.webauto.utils.Base.getElement(Base.java:118) - [ INFO ]----获取【注册页】 上的 【请确认密码】： {'by','id'},{'value','Qz45kX'}
2020-09-11 11:06:48 method: com.t.webauto.utils.Base.getElement(Base.java:162) - [ INFO ]----获取【注册页】 上的 【请确认密码】： {'by','id'},{'value','Qz45kX'}【成功】
2020-09-11 11:06:49 method: com.t.webauto.utils.Base.getElement(Base.java:118) - [ INFO ]----获取【注册页】 上的 【邮件输入框】： {'by','id'},{'value','GciA35'}
2020-09-11 11:06:49 method: com.t.webauto.utils.Base.getElement(Base.java:162) - [ INFO ]----获取【注册页】 上的 【邮件输入框】： {'by','id'},{'value','GciA35'}【成功】
2020-09-11 11:06:49 method: com.t.webauto.utils.Base.getElement(Base.java:118) - [ INFO ]----获取【注册页】 上的 【注册按钮】： {'by','id'},{'value','registerformsubmit'}
2020-09-11 11:06:49 method: com.t.webauto.utils.Base.getElement(Base.java:162) - [ INFO ]----获取【注册页】 上的 【注册按钮】： {'by','id'},{'value','registerformsubmit'}【成功】
2020-09-11 11:06:49 method: com.t.webauto.utils.Base.get(Base.java:237) - [ INFO ]----访问页面http://localhost:8088/Discuz/upload/member.php?mod=register
2020-09-11 11:06:49 method: com.t.webauto.utils.Base.getElement(Base.java:118) - [ INFO ]----获取【注册页】 上的 【用户名输入框】： {'by','id'},{'value','tRYSs0'}
2020-09-11 11:06:49 method: com.t.webauto.utils.Base.getElement(Base.java:162) - [ INFO ]----获取【注册页】 上的 【用户名输入框】： {'by','id'},{'value','tRYSs0'}【成功】
2020-09-11 11:06:49 method: com.t.webauto.utils.Base.getElement(Base.java:118) - [ INFO ]----获取【注册页】 上的 【密码输入框】： {'by','id'},{'value','dgfvkp'}
2020-09-11 11:06:49 method: com.t.webauto.utils.Base.getElement(Base.java:162) - [ INFO ]----获取【注册页】 上的 【密码输入框】： {'by','id'},{'value','dgfvkp'}【成功】
2020-09-11 11:06:49 method: com.t.webauto.utils.Base.getElement(Base.java:118) - [ INFO ]----获取【注册页】 上的 【请确认密码】： {'by','id'},{'value','Qz45kX'}
2020-09-11 11:06:49 method: com.t.webauto.utils.Base.getElement(Base.java:162) - [ INFO ]----获取【注册页】 上的 【请确认密码】： {'by','id'},{'value','Qz45kX'}【成功】
2020-09-11 11:06:49 method: com.t.webauto.utils.Base.getElement(Base.java:118) - [ INFO ]----获取【注册页】 上的 【邮件输入框】： {'by','id'},{'value','GciA35'}
2020-09-11 11:06:49 method: com.t.webauto.utils.Base.getElement(Base.java:162) - [ INFO ]----获取【注册页】 上的 【邮件输入框】： {'by','id'},{'value','GciA35'}【成功】
2020-09-11 11:06:49 method: com.t.webauto.utils.Base.getElement(Base.java:118) - [ INFO ]----获取【注册页】 上的 【注册按钮】： {'by','id'},{'value','registerformsubmit'}
2020-09-11 11:06:50 method: com.t.webauto.utils.Base.getElement(Base.java:162) - [ INFO ]----获取【注册页】 上的 【注册按钮】： {'by','id'},{'value','registerformsubmit'}【成功】
2020-09-11 11:06:53 method: com.t.webauto.utils.Base.tearDown(Base.java:176) - [ INFO ]----*********************************************完成测试*********************************************
2020-09-11 11:09:36 method: com.t.webauto.utils.Base.init(Base.java:28) - [ INFO ]----*****************************************测试开始***************************************************************************************
2020-09-11 11:09:36 method: com.t.webauto.utils.Base.init(Base.java:29) - [ INFO ]----配置浏览器：firefox,Selenium版本：src/test/resources/geckodriver.exe,驱动文件路径：3.X
2020-09-11 11:09:44 method: com.t.webauto.utils.Base.init(Base.java:28) - [ INFO ]----*****************************************测试开始***************************************************************************************
2020-09-11 11:09:44 method: com.t.webauto.utils.Base.init(Base.java:29) - [ INFO ]----配置浏览器：firefox,Selenium版本：src/test/resources/geckodriver.exe,驱动文件路径：3.X
2020-09-11 11:09:50 method: com.t.webauto.utils.Base.init(Base.java:51) - [ INFO ]----成功创建firefox驱动对象
2020-09-11 11:09:52 method: com.t.webauto.utils.Base.get(Base.java:237) - [ INFO ]----访问页面http://localhost:8088/Discuz/upload/member.php?mod=register
2020-09-11 11:09:53 method: com.t.webauto.utils.Base.getElement(Base.java:118) - [ INFO ]----获取【注册页】 上的 【用户名输入框】： {'by','id'},{'value','tRYSs0'}
2020-09-11 11:09:53 method: com.t.webauto.utils.Base.getElement(Base.java:162) - [ INFO ]----获取【注册页】 上的 【用户名输入框】： {'by','id'},{'value','tRYSs0'}【成功】
2020-09-11 11:09:53 method: com.t.webauto.utils.Base.getElement(Base.java:118) - [ INFO ]----获取【注册页】 上的 【密码输入框】： {'by','id'},{'value','dgfvkp'}
2020-09-11 11:09:53 method: com.t.webauto.utils.Base.getElement(Base.java:162) - [ INFO ]----获取【注册页】 上的 【密码输入框】： {'by','id'},{'value','dgfvkp'}【成功】
2020-09-11 11:09:53 method: com.t.webauto.utils.Base.getElement(Base.java:118) - [ INFO ]----获取【注册页】 上的 【请确认密码】： {'by','id'},{'value','Qz45kX'}
2020-09-11 11:09:53 method: com.t.webauto.utils.Base.getElement(Base.java:162) - [ INFO ]----获取【注册页】 上的 【请确认密码】： {'by','id'},{'value','Qz45kX'}【成功】
2020-09-11 11:09:53 method: com.t.webauto.utils.Base.getElement(Base.java:118) - [ INFO ]----获取【注册页】 上的 【邮件输入框】： {'by','id'},{'value','GciA35'}
2020-09-11 11:09:53 method: com.t.webauto.utils.Base.getElement(Base.java:162) - [ INFO ]----获取【注册页】 上的 【邮件输入框】： {'by','id'},{'value','GciA35'}【成功】
2020-09-11 11:09:53 method: com.t.webauto.utils.Base.getElement(Base.java:118) - [ INFO ]----获取【注册页】 上的 【注册按钮】： {'by','id'},{'value','registerformsubmit'}
2020-09-11 11:09:53 method: com.t.webauto.utils.Base.getElement(Base.java:162) - [ INFO ]----获取【注册页】 上的 【注册按钮】： {'by','id'},{'value','registerformsubmit'}【成功】
2020-09-11 11:09:53 method: com.t.webauto.utils.Base.get(Base.java:237) - [ INFO ]----访问页面http://localhost:8088/Discuz/upload/member.php?mod=register
2020-09-11 11:09:54 method: com.t.webauto.utils.Base.getElement(Base.java:118) - [ INFO ]----获取【注册页】 上的 【用户名输入框】： {'by','id'},{'value','tRYSs0'}
2020-09-11 11:09:54 method: com.t.webauto.utils.Base.getElement(Base.java:162) - [ INFO ]----获取【注册页】 上的 【用户名输入框】： {'by','id'},{'value','tRYSs0'}【成功】
2020-09-11 11:09:54 method: com.t.webauto.utils.Base.getElement(Base.java:118) - [ INFO ]----获取【注册页】 上的 【密码输入框】： {'by','id'},{'value','dgfvkp'}
2020-09-11 11:09:54 method: com.t.webauto.utils.Base.getElement(Base.java:162) - [ INFO ]----获取【注册页】 上的 【密码输入框】： {'by','id'},{'value','dgfvkp'}【成功】
2020-09-11 11:09:54 method: com.t.webauto.utils.Base.getElement(Base.java:118) - [ INFO ]----获取【注册页】 上的 【请确认密码】： {'by','id'},{'value','Qz45kX'}
2020-09-11 11:09:54 method: com.t.webauto.utils.Base.getElement(Base.java:162) - [ INFO ]----获取【注册页】 上的 【请确认密码】： {'by','id'},{'value','Qz45kX'}【成功】
2020-09-11 11:09:54 method: com.t.webauto.utils.Base.getElement(Base.java:118) - [ INFO ]----获取【注册页】 上的 【邮件输入框】： {'by','id'},{'value','GciA35'}
2020-09-11 11:09:54 method: com.t.webauto.utils.Base.getElement(Base.java:162) - [ INFO ]----获取【注册页】 上的 【邮件输入框】： {'by','id'},{'value','GciA35'}【成功】
2020-09-11 11:09:54 method: com.t.webauto.utils.Base.getElement(Base.java:118) - [ INFO ]----获取【注册页】 上的 【注册按钮】： {'by','id'},{'value','registerformsubmit'}
2020-09-11 11:09:54 method: com.t.webauto.utils.Base.getElement(Base.java:162) - [ INFO ]----获取【注册页】 上的 【注册按钮】： {'by','id'},{'value','registerformsubmit'}【成功】
2020-09-11 11:09:54 method: com.t.webauto.utils.Base.get(Base.java:237) - [ INFO ]----访问页面http://localhost:8088/Discuz/upload/member.php?mod=register
2020-09-11 11:09:55 method: com.t.webauto.utils.Base.getElement(Base.java:118) - [ INFO ]----获取【注册页】 上的 【用户名输入框】： {'by','id'},{'value','tRYSs0'}
2020-09-11 11:09:55 method: com.t.webauto.utils.Base.getElement(Base.java:162) - [ INFO ]----获取【注册页】 上的 【用户名输入框】： {'by','id'},{'value','tRYSs0'}【成功】
2020-09-11 11:09:55 method: com.t.webauto.utils.Base.getElement(Base.java:118) - [ INFO ]----获取【注册页】 上的 【密码输入框】： {'by','id'},{'value','dgfvkp'}
2020-09-11 11:09:55 method: com.t.webauto.utils.Base.getElement(Base.java:162) - [ INFO ]----获取【注册页】 上的 【密码输入框】： {'by','id'},{'value','dgfvkp'}【成功】
2020-09-11 11:09:55 method: com.t.webauto.utils.Base.getElement(Base.java:118) - [ INFO ]----获取【注册页】 上的 【请确认密码】： {'by','id'},{'value','Qz45kX'}
2020-09-11 11:09:55 method: com.t.webauto.utils.Base.getElement(Base.java:162) - [ INFO ]----获取【注册页】 上的 【请确认密码】： {'by','id'},{'value','Qz45kX'}【成功】
2020-09-11 11:09:55 method: com.t.webauto.utils.Base.getElement(Base.java:118) - [ INFO ]----获取【注册页】 上的 【邮件输入框】： {'by','id'},{'value','GciA35'}
2020-09-11 11:09:55 method: com.t.webauto.utils.Base.getElement(Base.java:162) - [ INFO ]----获取【注册页】 上的 【邮件输入框】： {'by','id'},{'value','GciA35'}【成功】
2020-09-11 11:09:55 method: com.t.webauto.utils.Base.getElement(Base.java:118) - [ INFO ]----获取【注册页】 上的 【注册按钮】： {'by','id'},{'value','registerformsubmit'}
2020-09-11 11:09:55 method: com.t.webauto.utils.Base.getElement(Base.java:162) - [ INFO ]----获取【注册页】 上的 【注册按钮】： {'by','id'},{'value','registerformsubmit'}【成功】
2020-09-11 11:09:55 method: com.t.webauto.utils.Base.get(Base.java:237) - [ INFO ]----访问页面http://localhost:8088/Discuz/upload/member.php?mod=register
2020-09-11 11:09:56 method: com.t.webauto.utils.Base.getElement(Base.java:118) - [ INFO ]----获取【注册页】 上的 【用户名输入框】： {'by','id'},{'value','tRYSs0'}
2020-09-11 11:09:56 method: com.t.webauto.utils.Base.getElement(Base.java:162) - [ INFO ]----获取【注册页】 上的 【用户名输入框】： {'by','id'},{'value','tRYSs0'}【成功】
2020-09-11 11:09:56 method: com.t.webauto.utils.Base.getElement(Base.java:118) - [ INFO ]----获取【注册页】 上的 【密码输入框】： {'by','id'},{'value','dgfvkp'}
2020-09-11 11:09:56 method: com.t.webauto.utils.Base.getElement(Base.java:162) - [ INFO ]----获取【注册页】 上的 【密码输入框】： {'by','id'},{'value','dgfvkp'}【成功】
2020-09-11 11:09:56 method: com.t.webauto.utils.Base.getElement(Base.java:118) - [ INFO ]----获取【注册页】 上的 【请确认密码】： {'by','id'},{'value','Qz45kX'}
2020-09-11 11:09:56 method: com.t.webauto.utils.Base.getElement(Base.java:162) - [ INFO ]----获取【注册页】 上的 【请确认密码】： {'by','id'},{'value','Qz45kX'}【成功】
2020-09-11 11:09:56 method: com.t.webauto.utils.Base.getElement(Base.java:118) - [ INFO ]----获取【注册页】 上的 【邮件输入框】： {'by','id'},{'value','GciA35'}
2020-09-11 11:09:56 method: com.t.webauto.utils.Base.getElement(Base.java:162) - [ INFO ]----获取【注册页】 上的 【邮件输入框】： {'by','id'},{'value','GciA35'}【成功】
2020-09-11 11:09:56 method: com.t.webauto.utils.Base.getElement(Base.java:118) - [ INFO ]----获取【注册页】 上的 【注册按钮】： {'by','id'},{'value','registerformsubmit'}
2020-09-11 11:09:56 method: com.t.webauto.utils.Base.getElement(Base.java:162) - [ INFO ]----获取【注册页】 上的 【注册按钮】： {'by','id'},{'value','registerformsubmit'}【成功】
2020-09-11 11:10:00 method: com.t.webauto.utils.Base.tearDown(Base.java:176) - [ INFO ]----*********************************************完成测试*********************************************
2020-09-11 11:10:04 method: com.t.webauto.utils.Base.init(Base.java:51) - [ INFO ]----成功创建firefox驱动对象
2020-09-11 11:10:05 method: com.t.webauto.utils.Base.get(Base.java:237) - [ INFO ]----访问页面http://localhost:8088/Discuz/upload/member.php?mod=register
2020-09-11 11:10:05 method: com.t.webauto.utils.Base.getElement(Base.java:118) - [ INFO ]----获取【注册页】 上的 【用户名输入框】： {'by','id'},{'value','tRYSs0'}
2020-09-11 11:10:05 method: com.t.webauto.utils.Base.getElement(Base.java:162) - [ INFO ]----获取【注册页】 上的 【用户名输入框】： {'by','id'},{'value','tRYSs0'}【成功】
2020-09-11 11:10:05 method: com.t.webauto.utils.Base.getElement(Base.java:118) - [ INFO ]----获取【注册页】 上的 【密码输入框】： {'by','id'},{'value','dgfvkp'}
2020-09-11 11:10:05 method: com.t.webauto.utils.Base.getElement(Base.java:162) - [ INFO ]----获取【注册页】 上的 【密码输入框】： {'by','id'},{'value','dgfvkp'}【成功】
2020-09-11 11:10:05 method: com.t.webauto.utils.Base.getElement(Base.java:118) - [ INFO ]----获取【注册页】 上的 【请确认密码】： {'by','id'},{'value','Qz45kX'}
2020-09-11 11:10:05 method: com.t.webauto.utils.Base.getElement(Base.java:162) - [ INFO ]----获取【注册页】 上的 【请确认密码】： {'by','id'},{'value','Qz45kX'}【成功】
2020-09-11 11:10:06 method: com.t.webauto.utils.Base.getElement(Base.java:118) - [ INFO ]----获取【注册页】 上的 【邮件输入框】： {'by','id'},{'value','GciA35'}
2020-09-11 11:10:06 method: com.t.webauto.utils.Base.getElement(Base.java:162) - [ INFO ]----获取【注册页】 上的 【邮件输入框】： {'by','id'},{'value','GciA35'}【成功】
2020-09-11 11:10:06 method: com.t.webauto.utils.Base.getElement(Base.java:118) - [ INFO ]----获取【注册页】 上的 【注册按钮】： {'by','id'},{'value','registerformsubmit'}
2020-09-11 11:10:06 method: com.t.webauto.utils.Base.getElement(Base.java:162) - [ INFO ]----获取【注册页】 上的 【注册按钮】： {'by','id'},{'value','registerformsubmit'}【成功】
2020-09-11 11:10:06 method: com.t.webauto.utils.Base.get(Base.java:237) - [ INFO ]----访问页面http://localhost:8088/Discuz/upload/member.php?mod=register
2020-09-11 11:10:06 method: com.t.webauto.utils.Base.getElement(Base.java:118) - [ INFO ]----获取【注册页】 上的 【用户名输入框】： {'by','id'},{'value','tRYSs0'}
2020-09-11 11:10:06 method: com.t.webauto.utils.Base.getElement(Base.java:162) - [ INFO ]----获取【注册页】 上的 【用户名输入框】： {'by','id'},{'value','tRYSs0'}【成功】
2020-09-11 11:10:06 method: com.t.webauto.utils.Base.getElement(Base.java:118) - [ INFO ]----获取【注册页】 上的 【密码输入框】： {'by','id'},{'value','dgfvkp'}
2020-09-11 11:10:06 method: com.t.webauto.utils.Base.getElement(Base.java:162) - [ INFO ]----获取【注册页】 上的 【密码输入框】： {'by','id'},{'value','dgfvkp'}【成功】
2020-09-11 11:10:07 method: com.t.webauto.utils.Base.getElement(Base.java:118) - [ INFO ]----获取【注册页】 上的 【请确认密码】： {'by','id'},{'value','Qz45kX'}
2020-09-11 11:10:07 method: com.t.webauto.utils.Base.getElement(Base.java:162) - [ INFO ]----获取【注册页】 上的 【请确认密码】： {'by','id'},{'value','Qz45kX'}【成功】
2020-09-11 11:10:07 method: com.t.webauto.utils.Base.getElement(Base.java:118) - [ INFO ]----获取【注册页】 上的 【邮件输入框】： {'by','id'},{'value','GciA35'}
2020-09-11 11:10:07 method: com.t.webauto.utils.Base.getElement(Base.java:162) - [ INFO ]----获取【注册页】 上的 【邮件输入框】： {'by','id'},{'value','GciA35'}【成功】
2020-09-11 11:10:07 method: com.t.webauto.utils.Base.getElement(Base.java:118) - [ INFO ]----获取【注册页】 上的 【注册按钮】： {'by','id'},{'value','registerformsubmit'}
2020-09-11 11:10:07 method: com.t.webauto.utils.Base.getElement(Base.java:162) - [ INFO ]----获取【注册页】 上的 【注册按钮】： {'by','id'},{'value','registerformsubmit'}【成功】
2020-09-11 11:10:07 method: com.t.webauto.utils.Base.get(Base.java:237) - [ INFO ]----访问页面http://localhost:8088/Discuz/upload/member.php?mod=register
2020-09-11 11:10:07 method: com.t.webauto.utils.Base.getElement(Base.java:118) - [ INFO ]----获取【注册页】 上的 【用户名输入框】： {'by','id'},{'value','tRYSs0'}
2020-09-11 11:10:07 method: com.t.webauto.utils.Base.getElement(Base.java:162) - [ INFO ]----获取【注册页】 上的 【用户名输入框】： {'by','id'},{'value','tRYSs0'}【成功】
2020-09-11 11:10:08 method: com.t.webauto.utils.Base.getElement(Base.java:118) - [ INFO ]----获取【注册页】 上的 【密码输入框】： {'by','id'},{'value','dgfvkp'}
2020-09-11 11:10:08 method: com.t.webauto.utils.Base.getElement(Base.java:162) - [ INFO ]----获取【注册页】 上的 【密码输入框】： {'by','id'},{'value','dgfvkp'}【成功】
2020-09-11 11:10:08 method: com.t.webauto.utils.Base.getElement(Base.java:118) - [ INFO ]----获取【注册页】 上的 【请确认密码】： {'by','id'},{'value','Qz45kX'}
2020-09-11 11:10:08 method: com.t.webauto.utils.Base.getElement(Base.java:162) - [ INFO ]----获取【注册页】 上的 【请确认密码】： {'by','id'},{'value','Qz45kX'}【成功】
2020-09-11 11:10:08 method: com.t.webauto.utils.Base.getElement(Base.java:118) - [ INFO ]----获取【注册页】 上的 【邮件输入框】： {'by','id'},{'value','GciA35'}
2020-09-11 11:10:08 method: com.t.webauto.utils.Base.getElement(Base.java:162) - [ INFO ]----获取【注册页】 上的 【邮件输入框】： {'by','id'},{'value','GciA35'}【成功】
2020-09-11 11:10:08 method: com.t.webauto.utils.Base.getElement(Base.java:118) - [ INFO ]----获取【注册页】 上的 【注册按钮】： {'by','id'},{'value','registerformsubmit'}
2020-09-11 11:10:08 method: com.t.webauto.utils.Base.getElement(Base.java:162) - [ INFO ]----获取【注册页】 上的 【注册按钮】： {'by','id'},{'value','registerformsubmit'}【成功】
2020-09-11 11:10:08 method: com.t.webauto.utils.Base.get(Base.java:237) - [ INFO ]----访问页面http://localhost:8088/Discuz/upload/member.php?mod=register
2020-09-11 11:10:08 method: com.t.webauto.utils.Base.getElement(Base.java:118) - [ INFO ]----获取【注册页】 上的 【用户名输入框】： {'by','id'},{'value','tRYSs0'}
2020-09-11 11:10:08 method: com.t.webauto.utils.Base.getElement(Base.java:162) - [ INFO ]----获取【注册页】 上的 【用户名输入框】： {'by','id'},{'value','tRYSs0'}【成功】
2020-09-11 11:10:09 method: com.t.webauto.utils.Base.getElement(Base.java:118) - [ INFO ]----获取【注册页】 上的 【密码输入框】： {'by','id'},{'value','dgfvkp'}
2020-09-11 11:10:09 method: com.t.webauto.utils.Base.getElement(Base.java:162) - [ INFO ]----获取【注册页】 上的 【密码输入框】： {'by','id'},{'value','dgfvkp'}【成功】
2020-09-11 11:10:09 method: com.t.webauto.utils.Base.getElement(Base.java:118) - [ INFO ]----获取【注册页】 上的 【请确认密码】： {'by','id'},{'value','Qz45kX'}
2020-09-11 11:10:09 method: com.t.webauto.utils.Base.getElement(Base.java:162) - [ INFO ]----获取【注册页】 上的 【请确认密码】： {'by','id'},{'value','Qz45kX'}【成功】
2020-09-11 11:10:09 method: com.t.webauto.utils.Base.getElement(Base.java:118) - [ INFO ]----获取【注册页】 上的 【邮件输入框】： {'by','id'},{'value','GciA35'}
2020-09-11 11:10:09 method: com.t.webauto.utils.Base.getElement(Base.java:162) - [ INFO ]----获取【注册页】 上的 【邮件输入框】： {'by','id'},{'value','GciA35'}【成功】
2020-09-11 11:10:09 method: com.t.webauto.utils.Base.getElement(Base.java:118) - [ INFO ]----获取【注册页】 上的 【注册按钮】： {'by','id'},{'value','registerformsubmit'}
2020-09-11 11:10:09 method: com.t.webauto.utils.Base.getElement(Base.java:162) - [ INFO ]----获取【注册页】 上的 【注册按钮】： {'by','id'},{'value','registerformsubmit'}【成功】
2020-09-11 11:10:12 method: com.t.webauto.utils.Base.tearDown(Base.java:176) - [ INFO ]----*********************************************完成测试*********************************************
2020-09-11 11:20:46 method: com.t.webauto.utils.Base.init(Base.java:28) - [ INFO ]----*****************************************测试开始***************************************************************************************
2020-09-11 11:20:46 method: com.t.webauto.utils.Base.init(Base.java:29) - [ INFO ]----配置浏览器：firefox,Selenium版本：src/test/resources/geckodriver.exe,驱动文件路径：3.X
2020-09-11 11:20:56 method: com.t.webauto.utils.Base.init(Base.java:51) - [ INFO ]----成功创建firefox驱动对象
2020-09-11 11:20:56 method: com.t.webauto.utils.Base.get(Base.java:237) - [ INFO ]----访问页面http://localhost:8088/Discuz/upload/member.php?mod=register
2020-09-11 11:20:57 method: com.t.webauto.utils.Base.getElement(Base.java:118) - [ INFO ]----获取【注册页】 上的 【用户名输入框】： {'by','id'},{'value','tRYSs0'}
2020-09-11 11:20:57 method: com.t.webauto.utils.Base.getElement(Base.java:162) - [ INFO ]----获取【注册页】 上的 【用户名输入框】： {'by','id'},{'value','tRYSs0'}【成功】
2020-09-11 11:20:57 method: com.t.webauto.utils.Base.getElement(Base.java:118) - [ INFO ]----获取【注册页】 上的 【密码输入框】： {'by','id'},{'value','dgfvkp'}
2020-09-11 11:20:57 method: com.t.webauto.utils.Base.getElement(Base.java:162) - [ INFO ]----获取【注册页】 上的 【密码输入框】： {'by','id'},{'value','dgfvkp'}【成功】
2020-09-11 11:20:57 method: com.t.webauto.utils.Base.getElement(Base.java:118) - [ INFO ]----获取【注册页】 上的 【请确认密码】： {'by','id'},{'value','Qz45kX'}
2020-09-11 11:20:57 method: com.t.webauto.utils.Base.getElement(Base.java:162) - [ INFO ]----获取【注册页】 上的 【请确认密码】： {'by','id'},{'value','Qz45kX'}【成功】
2020-09-11 11:20:57 method: com.t.webauto.utils.Base.getElement(Base.java:118) - [ INFO ]----获取【注册页】 上的 【邮件输入框】： {'by','id'},{'value','GciA35'}
2020-09-11 11:20:57 method: com.t.webauto.utils.Base.getElement(Base.java:162) - [ INFO ]----获取【注册页】 上的 【邮件输入框】： {'by','id'},{'value','GciA35'}【成功】
2020-09-11 11:20:57 method: com.t.webauto.utils.Base.getElement(Base.java:118) - [ INFO ]----获取【注册页】 上的 【注册按钮】： {'by','id'},{'value','registerformsubmit'}
2020-09-11 11:20:57 method: com.t.webauto.utils.Base.getElement(Base.java:162) - [ INFO ]----获取【注册页】 上的 【注册按钮】： {'by','id'},{'value','registerformsubmit'}【成功】
2020-09-11 11:20:58 method: com.t.webauto.utils.Base.get(Base.java:237) - [ INFO ]----访问页面http://localhost:8088/Discuz/upload/member.php?mod=register
2020-09-11 11:20:58 method: com.t.webauto.utils.Base.getElement(Base.java:118) - [ INFO ]----获取【注册页】 上的 【用户名输入框】： {'by','id'},{'value','tRYSs0'}
2020-09-11 11:20:58 method: com.t.webauto.utils.Base.getElement(Base.java:162) - [ INFO ]----获取【注册页】 上的 【用户名输入框】： {'by','id'},{'value','tRYSs0'}【成功】
2020-09-11 11:20:58 method: com.t.webauto.utils.Base.getElement(Base.java:118) - [ INFO ]----获取【注册页】 上的 【密码输入框】： {'by','id'},{'value','dgfvkp'}
2020-09-11 11:20:58 method: com.t.webauto.utils.Base.getElement(Base.java:162) - [ INFO ]----获取【注册页】 上的 【密码输入框】： {'by','id'},{'value','dgfvkp'}【成功】
2020-09-11 11:20:58 method: com.t.webauto.utils.Base.getElement(Base.java:118) - [ INFO ]----获取【注册页】 上的 【请确认密码】： {'by','id'},{'value','Qz45kX'}
2020-09-11 11:20:58 method: com.t.webauto.utils.Base.getElement(Base.java:162) - [ INFO ]----获取【注册页】 上的 【请确认密码】： {'by','id'},{'value','Qz45kX'}【成功】
2020-09-11 11:20:58 method: com.t.webauto.utils.Base.getElement(Base.java:118) - [ INFO ]----获取【注册页】 上的 【邮件输入框】： {'by','id'},{'value','GciA35'}
2020-09-11 11:20:58 method: com.t.webauto.utils.Base.getElement(Base.java:162) - [ INFO ]----获取【注册页】 上的 【邮件输入框】： {'by','id'},{'value','GciA35'}【成功】
2020-09-11 11:20:58 method: com.t.webauto.utils.Base.getElement(Base.java:118) - [ INFO ]----获取【注册页】 上的 【注册按钮】： {'by','id'},{'value','registerformsubmit'}
2020-09-11 11:20:58 method: com.t.webauto.utils.Base.getElement(Base.java:162) - [ INFO ]----获取【注册页】 上的 【注册按钮】： {'by','id'},{'value','registerformsubmit'}【成功】
2020-09-11 11:20:59 method: com.t.webauto.utils.Base.get(Base.java:237) - [ INFO ]----访问页面http://localhost:8088/Discuz/upload/member.php?mod=register
2020-09-11 11:20:59 method: com.t.webauto.utils.Base.getElement(Base.java:118) - [ INFO ]----获取【注册页】 上的 【用户名输入框】： {'by','id'},{'value','tRYSs0'}
2020-09-11 11:20:59 method: com.t.webauto.utils.Base.getElement(Base.java:162) - [ INFO ]----获取【注册页】 上的 【用户名输入框】： {'by','id'},{'value','tRYSs0'}【成功】
2020-09-11 11:20:59 method: com.t.webauto.utils.Base.getElement(Base.java:118) - [ INFO ]----获取【注册页】 上的 【密码输入框】： {'by','id'},{'value','dgfvkp'}
2020-09-11 11:20:59 method: com.t.webauto.utils.Base.getElement(Base.java:162) - [ INFO ]----获取【注册页】 上的 【密码输入框】： {'by','id'},{'value','dgfvkp'}【成功】
2020-09-11 11:20:59 method: com.t.webauto.utils.Base.getElement(Base.java:118) - [ INFO ]----获取【注册页】 上的 【请确认密码】： {'by','id'},{'value','Qz45kX'}
2020-09-11 11:20:59 method: com.t.webauto.utils.Base.getElement(Base.java:162) - [ INFO ]----获取【注册页】 上的 【请确认密码】： {'by','id'},{'value','Qz45kX'}【成功】
2020-09-11 11:20:59 method: com.t.webauto.utils.Base.getElement(Base.java:118) - [ INFO ]----获取【注册页】 上的 【邮件输入框】： {'by','id'},{'value','GciA35'}
2020-09-11 11:20:59 method: com.t.webauto.utils.Base.getElement(Base.java:162) - [ INFO ]----获取【注册页】 上的 【邮件输入框】： {'by','id'},{'value','GciA35'}【成功】
2020-09-11 11:20:59 method: com.t.webauto.utils.Base.getElement(Base.java:118) - [ INFO ]----获取【注册页】 上的 【注册按钮】： {'by','id'},{'value','registerformsubmit'}
2020-09-11 11:20:59 method: com.t.webauto.utils.Base.getElement(Base.java:162) - [ INFO ]----获取【注册页】 上的 【注册按钮】： {'by','id'},{'value','registerformsubmit'}【成功】
2020-09-11 11:21:00 method: com.t.webauto.utils.Base.get(Base.java:237) - [ INFO ]----访问页面http://localhost:8088/Discuz/upload/member.php?mod=register
2020-09-11 11:21:00 method: com.t.webauto.utils.Base.getElement(Base.java:118) - [ INFO ]----获取【注册页】 上的 【用户名输入框】： {'by','id'},{'value','tRYSs0'}
2020-09-11 11:21:00 method: com.t.webauto.utils.Base.getElement(Base.java:162) - [ INFO ]----获取【注册页】 上的 【用户名输入框】： {'by','id'},{'value','tRYSs0'}【成功】
2020-09-11 11:21:00 method: com.t.webauto.utils.Base.getElement(Base.java:118) - [ INFO ]----获取【注册页】 上的 【密码输入框】： {'by','id'},{'value','dgfvkp'}
2020-09-11 11:21:00 method: com.t.webauto.utils.Base.getElement(Base.java:162) - [ INFO ]----获取【注册页】 上的 【密码输入框】： {'by','id'},{'value','dgfvkp'}【成功】
2020-09-11 11:21:00 method: com.t.webauto.utils.Base.getElement(Base.java:118) - [ INFO ]----获取【注册页】 上的 【请确认密码】： {'by','id'},{'value','Qz45kX'}
2020-09-11 11:21:00 method: com.t.webauto.utils.Base.getElement(Base.java:162) - [ INFO ]----获取【注册页】 上的 【请确认密码】： {'by','id'},{'value','Qz45kX'}【成功】
2020-09-11 11:21:00 method: com.t.webauto.utils.Base.getElement(Base.java:118) - [ INFO ]----获取【注册页】 上的 【邮件输入框】： {'by','id'},{'value','GciA35'}
2020-09-11 11:21:00 method: com.t.webauto.utils.Base.getElement(Base.java:162) - [ INFO ]----获取【注册页】 上的 【邮件输入框】： {'by','id'},{'value','GciA35'}【成功】
2020-09-11 11:21:00 method: com.t.webauto.utils.Base.getElement(Base.java:118) - [ INFO ]----获取【注册页】 上的 【注册按钮】： {'by','id'},{'value','registerformsubmit'}
2020-09-11 11:21:00 method: com.t.webauto.utils.Base.getElement(Base.java:162) - [ INFO ]----获取【注册页】 上的 【注册按钮】： {'by','id'},{'value','registerformsubmit'}【成功】
2020-09-11 11:21:04 method: com.t.webauto.utils.Base.tearDown(Base.java:176) - [ INFO ]----*********************************************完成测试*********************************************
